<?xml version="1.0" encoding="UTF-8"?>
<testsuites>
  <testsuite name="BackstopJS" tests="765" failures="765" errors="765" skipped="0">
    <testcase classname="document" name=" ›› /components/access-code/example-access-code-error">
      <failure message="Design deviation ›› /components/access-code/example-access-code-error (document) component"/>
      <error message="Design deviation ›› /components/access-code/example-access-code-error (document) component"/>
    </testcase>
    <testcase classname="document" name=" ›› /components/access-code/example-access-code-error">
      <failure message="Design deviation ›› /components/access-code/example-access-code-error (document) component"/>
      <error message="Design deviation ›› /components/access-code/example-access-code-error (document) component"/>
    </testcase>
    <testcase classname="document" name=" ›› /components/access-code/example-access-code-error">
      <failure message="Design deviation ›› /components/access-code/example-access-code-error (document) component"/>
      <error message="Design deviation ›› /components/access-code/example-access-code-error (document) component"/>
    </testcase>
    <testcase classname="document" name=" ›› /components/access-code/example-access-code">
      <failure message="Design deviation ›› /components/access-code/example-access-code (document) component"/>
      <error message="Design deviation ›› /components/access-code/example-access-code (document) component"/>
    </testcase>
    <testcase classname="document" name=" ›› /components/access-code/example-access-code">
      <failure message="Design deviation ›› /components/access-code/example-access-code (document) component"/>
      <error message="Design deviation ›› /components/access-code/example-access-code (document) component"/>
    </testcase>
    <testcase classname="document" name=" ›› /components/access-code/example-access-code">
      <failure message="Design deviation ›› /components/access-code/example-access-code (document) component"/>
      <error message="Design deviation ›› /components/access-code/example-access-code (document) component"/>
    </testcase>
    <testcase classname="document" name=" ›› /components/accordion/example-accordion-open">
      <failure message="Design deviation ›› /components/accordion/example-accordion-open (document) component"/>
      <error message="Design deviation ›› /components/accordion/example-accordion-open (document) component"/>
    </testcase>
    <testcase classname="document" name=" ›› /components/accordion/example-accordion-open">
      <failure message="Design deviation ›› /components/accordion/example-accordion-open (document) component"/>
      <error message="Design deviation ›› /components/accordion/example-accordion-open (document) component"/>
    </testcase>
    <testcase classname="document" name=" ›› /components/accordion/example-accordion-open">
      <failure message="Design deviation ›› /components/accordion/example-accordion-open (document) component"/>
      <error message="Design deviation ›› /components/accordion/example-accordion-open (document) component"/>
    </testcase>
    <testcase classname="document" name=" ›› /components/accordion/example-accordion">
      <failure message="Design deviation ›› /components/accordion/example-accordion (document) component"/>
      <error message="Design deviation ›› /components/accordion/example-accordion (document) component"/>
    </testcase>
    <testcase classname="document" name=" ›› /components/accordion/example-accordion">
      <failure message="Design deviation ›› /components/accordion/example-accordion (document) component"/>
      <error message="Design deviation ›› /components/accordion/example-accordion (document) component"/>
    </testcase>
    <testcase classname="document" name=" ›› /components/accordion/example-accordion">
      <failure message="Design deviation ›› /components/accordion/example-accordion (document) component"/>
      <error message="Design deviation ›› /components/accordion/example-accordion (document) component"/>
    </testcase>
    <testcase classname="document" name=" ›› /components/address-input/example-address-input-editable">
      <failure message="Design deviation ›› /components/address-input/example-address-input-editable (document) component"/>
      <error message="Design deviation ›› /components/address-input/example-address-input-editable (document) component"/>
    </testcase>
    <testcase classname="document" name=" ›› /components/address-input/example-address-input-editable">
      <failure message="Design deviation ›› /components/address-input/example-address-input-editable (document) component"/>
      <error message="Design deviation ›› /components/address-input/example-address-input-editable (document) component"/>
    </testcase>
    <testcase classname="document" name=" ›› /components/address-input/example-address-input-editable">
      <failure message="Design deviation ›› /components/address-input/example-address-input-editable (document) component"/>
      <error message="Design deviation ›› /components/address-input/example-address-input-editable (document) component"/>
    </testcase>
    <testcase classname="document" name=" ›› /components/address-input/example-address-input-manual">
      <failure message="Design deviation ›› /components/address-input/example-address-input-manual (document) component"/>
      <error message="Design deviation ›› /components/address-input/example-address-input-manual (document) component"/>
    </testcase>
    <testcase classname="document" name=" ›› /components/address-input/example-address-input-manual">
      <failure message="Design deviation ›› /components/address-input/example-address-input-manual (document) component"/>
      <error message="Design deviation ›› /components/address-input/example-address-input-manual (document) component"/>
    </testcase>
    <testcase classname="document" name=" ›› /components/address-input/example-address-input-manual">
      <failure message="Design deviation ›› /components/address-input/example-address-input-manual (document) component"/>
      <error message="Design deviation ›› /components/address-input/example-address-input-manual (document) component"/>
    </testcase>
    <testcase classname="document" name=" ›› /components/address-input/example-address-input">
      <failure message="Design deviation ›› /components/address-input/example-address-input (document) component"/>
      <error message="Design deviation ›› /components/address-input/example-address-input (document) component"/>
    </testcase>
    <testcase classname="document" name=" ›› /components/address-input/example-address-input">
      <failure message="Design deviation ›› /components/address-input/example-address-input (document) component"/>
      <error message="Design deviation ›› /components/address-input/example-address-input (document) component"/>
    </testcase>
    <testcase classname="document" name=" ›› /components/address-input/example-address-input">
      <failure message="Design deviation ›› /components/address-input/example-address-input (document) component"/>
      <error message="Design deviation ›› /components/address-input/example-address-input (document) component"/>
    </testcase>
    <testcase classname="document" name=" ›› /components/autosuggest/example-autosuggest-country-multiple">
      <failure message="Design deviation ›› /components/autosuggest/example-autosuggest-country-multiple (document) component"/>
      <error message="Design deviation ›› /components/autosuggest/example-autosuggest-country-multiple (document) component"/>
    </testcase>
    <testcase classname="document" name=" ›› /components/autosuggest/example-autosuggest-country-multiple">
      <failure message="Design deviation ›› /components/autosuggest/example-autosuggest-country-multiple (document) component"/>
      <error message="Design deviation ›› /components/autosuggest/example-autosuggest-country-multiple (document) component"/>
    </testcase>
    <testcase classname="document" name=" ›› /components/autosuggest/example-autosuggest-country-multiple">
      <failure message="Design deviation ›› /components/autosuggest/example-autosuggest-country-multiple (document) component"/>
      <error message="Design deviation ›› /components/autosuggest/example-autosuggest-country-multiple (document) component"/>
    </testcase>
    <testcase classname="document" name=" ›› /components/autosuggest/example-autosuggest-country">
      <failure message="Design deviation ›› /components/autosuggest/example-autosuggest-country (document) component"/>
      <error message="Design deviation ›› /components/autosuggest/example-autosuggest-country (document) component"/>
    </testcase>
    <testcase classname="document" name=" ›› /components/autosuggest/example-autosuggest-country">
      <failure message="Design deviation ›› /components/autosuggest/example-autosuggest-country (document) component"/>
      <error message="Design deviation ›› /components/autosuggest/example-autosuggest-country (document) component"/>
    </testcase>
    <testcase classname="document" name=" ›› /components/autosuggest/example-autosuggest-country">
      <failure message="Design deviation ›› /components/autosuggest/example-autosuggest-country (document) component"/>
      <error message="Design deviation ›› /components/autosuggest/example-autosuggest-country (document) component"/>
    </testcase>
    <testcase classname="document" name=" ›› /components/back-link/example-back-link">
      <failure message="Design deviation ›› /components/back-link/example-back-link (document) component"/>
      <error message="Design deviation ›› /components/back-link/example-back-link (document) component"/>
    </testcase>
    <testcase classname="document" name=" ›› /components/back-link/example-back-link">
      <failure message="Design deviation ›› /components/back-link/example-back-link (document) component"/>
      <error message="Design deviation ›› /components/back-link/example-back-link (document) component"/>
    </testcase>
    <testcase classname="document" name=" ›› /components/back-link/example-back-link">
      <failure message="Design deviation ›› /components/back-link/example-back-link (document) component"/>
      <error message="Design deviation ›› /components/back-link/example-back-link (document) component"/>
    </testcase>
    <testcase classname="document" name=" ›› /components/breadcrumbs/example-breadcrumbs-single">
      <failure message="Design deviation ›› /components/breadcrumbs/example-breadcrumbs-single (document) component"/>
      <error message="Design deviation ›› /components/breadcrumbs/example-breadcrumbs-single (document) component"/>
    </testcase>
    <testcase classname="document" name=" ›› /components/breadcrumbs/example-breadcrumbs-single">
      <failure message="Design deviation ›› /components/breadcrumbs/example-breadcrumbs-single (document) component"/>
      <error message="Design deviation ›› /components/breadcrumbs/example-breadcrumbs-single (document) component"/>
    </testcase>
    <testcase classname="document" name=" ›› /components/breadcrumbs/example-breadcrumbs-single">
      <failure message="Design deviation ›› /components/breadcrumbs/example-breadcrumbs-single (document) component"/>
      <error message="Design deviation ›› /components/breadcrumbs/example-breadcrumbs-single (document) component"/>
    </testcase>
    <testcase classname="document" name=" ›› /components/breadcrumbs/example-breadcrumbs">
      <failure message="Design deviation ›› /components/breadcrumbs/example-breadcrumbs (document) component"/>
      <error message="Design deviation ›› /components/breadcrumbs/example-breadcrumbs (document) component"/>
    </testcase>
    <testcase classname="document" name=" ›› /components/breadcrumbs/example-breadcrumbs">
      <failure message="Design deviation ›› /components/breadcrumbs/example-breadcrumbs (document) component"/>
      <error message="Design deviation ›› /components/breadcrumbs/example-breadcrumbs (document) component"/>
    </testcase>
    <testcase classname="document" name=" ›› /components/breadcrumbs/example-breadcrumbs">
      <failure message="Design deviation ›› /components/breadcrumbs/example-breadcrumbs (document) component"/>
      <error message="Design deviation ›› /components/breadcrumbs/example-breadcrumbs (document) component"/>
    </testcase>
    <testcase classname="document" name=" ›› /components/button/example-button-custom">
      <failure message="Design deviation ›› /components/button/example-button-custom (document) component"/>
      <error message="Design deviation ›› /components/button/example-button-custom (document) component"/>
    </testcase>
    <testcase classname="document" name=" ›› /components/button/example-button-custom">
      <failure message="Design deviation ›› /components/button/example-button-custom (document) component"/>
      <error message="Design deviation ›› /components/button/example-button-custom (document) component"/>
    </testcase>
    <testcase classname="document" name=" ›› /components/button/example-button-custom">
      <failure message="Design deviation ›› /components/button/example-button-custom (document) component"/>
      <error message="Design deviation ›› /components/button/example-button-custom (document) component"/>
    </testcase>
    <testcase classname="document" name=" ›› /components/button/example-button-disabled">
      <failure message="Design deviation ›› /components/button/example-button-disabled (document) component"/>
      <error message="Design deviation ›› /components/button/example-button-disabled (document) component"/>
    </testcase>
    <testcase classname="document" name=" ›› /components/button/example-button-disabled">
      <failure message="Design deviation ›› /components/button/example-button-disabled (document) component"/>
      <error message="Design deviation ›› /components/button/example-button-disabled (document) component"/>
    </testcase>
    <testcase classname="document" name=" ›› /components/button/example-button-disabled">
      <failure message="Design deviation ›› /components/button/example-button-disabled (document) component"/>
      <error message="Design deviation ›› /components/button/example-button-disabled (document) component"/>
    </testcase>
    <testcase classname="document" name=" ›› /components/button/example-button-download">
      <failure message="Design deviation ›› /components/button/example-button-download (document) component"/>
      <error message="Design deviation ›› /components/button/example-button-download (document) component"/>
    </testcase>
    <testcase classname="document" name=" ›› /components/button/example-button-download">
      <failure message="Design deviation ›› /components/button/example-button-download (document) component"/>
      <error message="Design deviation ›› /components/button/example-button-download (document) component"/>
    </testcase>
    <testcase classname="document" name=" ›› /components/button/example-button-download">
      <failure message="Design deviation ›› /components/button/example-button-download (document) component"/>
      <error message="Design deviation ›› /components/button/example-button-download (document) component"/>
    </testcase>
    <testcase classname="document" name=" ›› /components/button/example-button-ghost">
      <failure message="Design deviation ›› /components/button/example-button-ghost (document) component"/>
      <error message="Design deviation ›› /components/button/example-button-ghost (document) component"/>
    </testcase>
    <testcase classname="document" name=" ›› /components/button/example-button-ghost">
      <failure message="Design deviation ›› /components/button/example-button-ghost (document) component"/>
      <error message="Design deviation ›› /components/button/example-button-ghost (document) component"/>
    </testcase>
    <testcase classname="document" name=" ›› /components/button/example-button-ghost">
      <failure message="Design deviation ›› /components/button/example-button-ghost (document) component"/>
      <error message="Design deviation ›› /components/button/example-button-ghost (document) component"/>
    </testcase>
    <testcase classname="document" name=" ›› /components/button/example-button-group">
      <failure message="Design deviation ›› /components/button/example-button-group (document) component"/>
      <error message="Design deviation ›› /components/button/example-button-group (document) component"/>
    </testcase>
    <testcase classname="document" name=" ›› /components/button/example-button-group">
      <failure message="Design deviation ›› /components/button/example-button-group (document) component"/>
      <error message="Design deviation ›› /components/button/example-button-group (document) component"/>
    </testcase>
    <testcase classname="document" name=" ›› /components/button/example-button-group">
      <failure message="Design deviation ›› /components/button/example-button-group (document) component"/>
      <error message="Design deviation ›› /components/button/example-button-group (document) component"/>
    </testcase>
    <testcase classname="document" name=" ›› /components/button/example-button-link">
      <failure message="Design deviation ›› /components/button/example-button-link (document) component"/>
      <error message="Design deviation ›› /components/button/example-button-link (document) component"/>
    </testcase>
    <testcase classname="document" name=" ›› /components/button/example-button-link">
      <failure message="Design deviation ›› /components/button/example-button-link (document) component"/>
      <error message="Design deviation ›› /components/button/example-button-link (document) component"/>
    </testcase>
    <testcase classname="document" name=" ›› /components/button/example-button-link">
      <failure message="Design deviation ›› /components/button/example-button-link (document) component"/>
      <error message="Design deviation ›› /components/button/example-button-link (document) component"/>
    </testcase>
    <testcase classname="document" name=" ›› /components/button/example-button-loader">
      <failure message="Design deviation ›› /components/button/example-button-loader (document) component"/>
      <error message="Design deviation ›› /components/button/example-button-loader (document) component"/>
    </testcase>
    <testcase classname="document" name=" ›› /components/button/example-button-loader">
      <failure message="Design deviation ›› /components/button/example-button-loader (document) component"/>
      <error message="Design deviation ›› /components/button/example-button-loader (document) component"/>
    </testcase>
    <testcase classname="document" name=" ›› /components/button/example-button-loader">
      <failure message="Design deviation ›› /components/button/example-button-loader (document) component"/>
      <error message="Design deviation ›› /components/button/example-button-loader (document) component"/>
    </testcase>
    <testcase classname="document" name=" ›› /components/button/example-button-new-window">
      <failure message="Design deviation ›› /components/button/example-button-new-window (document) component"/>
      <error message="Design deviation ›› /components/button/example-button-new-window (document) component"/>
    </testcase>
    <testcase classname="document" name=" ›› /components/button/example-button-new-window">
      <failure message="Design deviation ›› /components/button/example-button-new-window (document) component"/>
      <error message="Design deviation ›› /components/button/example-button-new-window (document) component"/>
    </testcase>
    <testcase classname="document" name=" ›› /components/button/example-button-new-window">
      <failure message="Design deviation ›› /components/button/example-button-new-window (document) component"/>
      <error message="Design deviation ›› /components/button/example-button-new-window (document) component"/>
    </testcase>
    <testcase classname="document" name=" ›› /components/button/example-button-print">
      <failure message="Design deviation ›› /components/button/example-button-print (document) component"/>
      <error message="Design deviation ›› /components/button/example-button-print (document) component"/>
    </testcase>
    <testcase classname="document" name=" ›› /components/button/example-button-print">
      <failure message="Design deviation ›› /components/button/example-button-print (document) component"/>
      <error message="Design deviation ›› /components/button/example-button-print (document) component"/>
    </testcase>
    <testcase classname="document" name=" ›› /components/button/example-button-print">
      <failure message="Design deviation ›› /components/button/example-button-print (document) component"/>
      <error message="Design deviation ›› /components/button/example-button-print (document) component"/>
    </testcase>
    <testcase classname="document" name=" ›› /components/button/example-button-secondary-small">
      <failure message="Design deviation ›› /components/button/example-button-secondary-small (document) component"/>
      <error message="Design deviation ›› /components/button/example-button-secondary-small (document) component"/>
    </testcase>
    <testcase classname="document" name=" ›› /components/button/example-button-secondary-small">
      <failure message="Design deviation ›› /components/button/example-button-secondary-small (document) component"/>
      <error message="Design deviation ›› /components/button/example-button-secondary-small (document) component"/>
    </testcase>
    <testcase classname="document" name=" ›› /components/button/example-button-secondary-small">
      <failure message="Design deviation ›› /components/button/example-button-secondary-small (document) component"/>
      <error message="Design deviation ›› /components/button/example-button-secondary-small (document) component"/>
    </testcase>
    <testcase classname="document" name=" ›› /components/button/example-button-secondary">
      <failure message="Design deviation ›› /components/button/example-button-secondary (document) component"/>
      <error message="Design deviation ›› /components/button/example-button-secondary (document) component"/>
    </testcase>
    <testcase classname="document" name=" ›› /components/button/example-button-secondary">
      <failure message="Design deviation ›› /components/button/example-button-secondary (document) component"/>
      <error message="Design deviation ›› /components/button/example-button-secondary (document) component"/>
    </testcase>
    <testcase classname="document" name=" ›› /components/button/example-button-secondary">
      <failure message="Design deviation ›› /components/button/example-button-secondary (document) component"/>
      <error message="Design deviation ›› /components/button/example-button-secondary (document) component"/>
    </testcase>
    <testcase classname="document" name=" ›› /components/button/example-button-small">
      <failure message="Design deviation ›› /components/button/example-button-small (document) component"/>
      <error message="Design deviation ›› /components/button/example-button-small (document) component"/>
    </testcase>
    <testcase classname="document" name=" ›› /components/button/example-button-small">
      <failure message="Design deviation ›› /components/button/example-button-small (document) component"/>
      <error message="Design deviation ›› /components/button/example-button-small (document) component"/>
    </testcase>
    <testcase classname="document" name=" ›› /components/button/example-button-small">
      <failure message="Design deviation ›› /components/button/example-button-small (document) component"/>
      <error message="Design deviation ›› /components/button/example-button-small (document) component"/>
    </testcase>
    <testcase classname="document" name=" ›› /components/button/example-button-timer">
      <failure message="Design deviation ›› /components/button/example-button-timer (document) component"/>
      <error message="Design deviation ›› /components/button/example-button-timer (document) component"/>
    </testcase>
    <testcase classname="document" name=" ›› /components/button/example-button-timer">
      <failure message="Design deviation ›› /components/button/example-button-timer (document) component"/>
      <error message="Design deviation ›› /components/button/example-button-timer (document) component"/>
    </testcase>
    <testcase classname="document" name=" ›› /components/button/example-button-timer">
      <failure message="Design deviation ›› /components/button/example-button-timer (document) component"/>
      <error message="Design deviation ›› /components/button/example-button-timer (document) component"/>
    </testcase>
    <testcase classname="document" name=" ›› /components/button/example-button">
      <failure message="Design deviation ›› /components/button/example-button (document) component"/>
      <error message="Design deviation ›› /components/button/example-button (document) component"/>
    </testcase>
    <testcase classname="document" name=" ›› /components/button/example-button">
      <failure message="Design deviation ›› /components/button/example-button (document) component"/>
      <error message="Design deviation ›› /components/button/example-button (document) component"/>
    </testcase>
    <testcase classname="document" name=" ›› /components/button/example-button">
      <failure message="Design deviation ›› /components/button/example-button (document) component"/>
      <error message="Design deviation ›› /components/button/example-button (document) component"/>
    </testcase>
    <testcase classname="document" name=" ›› /components/call-to-action/example-call-to-action-default">
      <failure message="Design deviation ›› /components/call-to-action/example-call-to-action-default (document) component"/>
      <error message="Design deviation ›› /components/call-to-action/example-call-to-action-default (document) component"/>
    </testcase>
    <testcase classname="document" name=" ›› /components/call-to-action/example-call-to-action-default">
      <failure message="Design deviation ›› /components/call-to-action/example-call-to-action-default (document) component"/>
      <error message="Design deviation ›› /components/call-to-action/example-call-to-action-default (document) component"/>
    </testcase>
    <testcase classname="document" name=" ›› /components/call-to-action/example-call-to-action-default">
      <failure message="Design deviation ›› /components/call-to-action/example-call-to-action-default (document) component"/>
      <error message="Design deviation ›› /components/call-to-action/example-call-to-action-default (document) component"/>
    </testcase>
    <testcase classname="document" name=" ›› /components/card/example-card-set-with-images">
      <failure message="Design deviation ›› /components/card/example-card-set-with-images (document) component"/>
      <error message="Design deviation ›› /components/card/example-card-set-with-images (document) component"/>
    </testcase>
    <testcase classname="document" name=" ›› /components/card/example-card-set-with-images">
      <failure message="Design deviation ›› /components/card/example-card-set-with-images (document) component"/>
      <error message="Design deviation ›› /components/card/example-card-set-with-images (document) component"/>
    </testcase>
    <testcase classname="document" name=" ›› /components/card/example-card-set-with-images">
      <failure message="Design deviation ›› /components/card/example-card-set-with-images (document) component"/>
      <error message="Design deviation ›› /components/card/example-card-set-with-images (document) component"/>
    </testcase>
    <testcase classname="document" name=" ›› /components/card/example-card-set-with-lists">
      <failure message="Design deviation ›› /components/card/example-card-set-with-lists (document) component"/>
      <error message="Design deviation ›› /components/card/example-card-set-with-lists (document) component"/>
    </testcase>
    <testcase classname="document" name=" ›› /components/card/example-card-set-with-lists">
      <failure message="Design deviation ›› /components/card/example-card-set-with-lists (document) component"/>
      <error message="Design deviation ›› /components/card/example-card-set-with-lists (document) component"/>
    </testcase>
    <testcase classname="document" name=" ›› /components/card/example-card-set-with-lists">
      <failure message="Design deviation ›› /components/card/example-card-set-with-lists (document) component"/>
      <error message="Design deviation ›› /components/card/example-card-set-with-lists (document) component"/>
    </testcase>
    <testcase classname="document" name=" ›› /components/card/example-card-set">
      <failure message="Design deviation ›› /components/card/example-card-set (document) component"/>
      <error message="Design deviation ›› /components/card/example-card-set (document) component"/>
    </testcase>
    <testcase classname="document" name=" ›› /components/card/example-card-set">
      <failure message="Design deviation ›› /components/card/example-card-set (document) component"/>
      <error message="Design deviation ›› /components/card/example-card-set (document) component"/>
    </testcase>
    <testcase classname="document" name=" ›› /components/card/example-card-set">
      <failure message="Design deviation ›› /components/card/example-card-set (document) component"/>
      <error message="Design deviation ›› /components/card/example-card-set (document) component"/>
    </testcase>
    <testcase classname="document" name=" ›› /components/card/example-card">
      <failure message="Design deviation ›› /components/card/example-card (document) component"/>
      <error message="Design deviation ›› /components/card/example-card (document) component"/>
    </testcase>
    <testcase classname="document" name=" ›› /components/card/example-card">
      <failure message="Design deviation ›› /components/card/example-card (document) component"/>
      <error message="Design deviation ›› /components/card/example-card (document) component"/>
    </testcase>
    <testcase classname="document" name=" ›› /components/card/example-card">
      <failure message="Design deviation ›› /components/card/example-card (document) component"/>
      <error message="Design deviation ›› /components/card/example-card (document) component"/>
    </testcase>
    <testcase classname="document" name=" ›› /components/checkboxes/example-checkboxes-disabled">
      <failure message="Design deviation ›› /components/checkboxes/example-checkboxes-disabled (document) component"/>
      <error message="Design deviation ›› /components/checkboxes/example-checkboxes-disabled (document) component"/>
    </testcase>
    <testcase classname="document" name=" ›› /components/checkboxes/example-checkboxes-disabled">
      <failure message="Design deviation ›› /components/checkboxes/example-checkboxes-disabled (document) component"/>
      <error message="Design deviation ›› /components/checkboxes/example-checkboxes-disabled (document) component"/>
    </testcase>
    <testcase classname="document" name=" ›› /components/checkboxes/example-checkboxes-disabled">
      <failure message="Design deviation ›› /components/checkboxes/example-checkboxes-disabled (document) component"/>
      <error message="Design deviation ›› /components/checkboxes/example-checkboxes-disabled (document) component"/>
    </testcase>
    <testcase classname="document" name=" ›› /components/checkboxes/example-checkboxes-error">
      <failure message="Design deviation ›› /components/checkboxes/example-checkboxes-error (document) component"/>
      <error message="Design deviation ›› /components/checkboxes/example-checkboxes-error (document) component"/>
    </testcase>
    <testcase classname="document" name=" ›› /components/checkboxes/example-checkboxes-error">
      <failure message="Design deviation ›› /components/checkboxes/example-checkboxes-error (document) component"/>
      <error message="Design deviation ›› /components/checkboxes/example-checkboxes-error (document) component"/>
    </testcase>
    <testcase classname="document" name=" ›› /components/checkboxes/example-checkboxes-error">
      <failure message="Design deviation ›› /components/checkboxes/example-checkboxes-error (document) component"/>
      <error message="Design deviation ›› /components/checkboxes/example-checkboxes-error (document) component"/>
    </testcase>
    <testcase classname="document" name=" ›› /components/checkboxes/example-checkboxes-with-descriptions">
      <failure message="Design deviation ›› /components/checkboxes/example-checkboxes-with-descriptions (document) component"/>
      <error message="Design deviation ›› /components/checkboxes/example-checkboxes-with-descriptions (document) component"/>
    </testcase>
    <testcase classname="document" name=" ›› /components/checkboxes/example-checkboxes-with-descriptions">
      <failure message="Design deviation ›› /components/checkboxes/example-checkboxes-with-descriptions (document) component"/>
      <error message="Design deviation ›› /components/checkboxes/example-checkboxes-with-descriptions (document) component"/>
    </testcase>
    <testcase classname="document" name=" ›› /components/checkboxes/example-checkboxes-with-descriptions">
      <failure message="Design deviation ›› /components/checkboxes/example-checkboxes-with-descriptions (document) component"/>
      <error message="Design deviation ›› /components/checkboxes/example-checkboxes-with-descriptions (document) component"/>
    </testcase>
    <testcase classname="document" name=" ›› /components/checkboxes/example-checkboxes-with-hidden-label">
      <failure message="Design deviation ›› /components/checkboxes/example-checkboxes-with-hidden-label (document) component"/>
      <error message="Design deviation ›› /components/checkboxes/example-checkboxes-with-hidden-label (document) component"/>
    </testcase>
    <testcase classname="document" name=" ›› /components/checkboxes/example-checkboxes-with-hidden-label">
      <failure message="Design deviation ›› /components/checkboxes/example-checkboxes-with-hidden-label (document) component"/>
      <error message="Design deviation ›› /components/checkboxes/example-checkboxes-with-hidden-label (document) component"/>
    </testcase>
    <testcase classname="document" name=" ›› /components/checkboxes/example-checkboxes-with-hidden-label">
      <failure message="Design deviation ›› /components/checkboxes/example-checkboxes-with-hidden-label (document) component"/>
      <error message="Design deviation ›› /components/checkboxes/example-checkboxes-with-hidden-label (document) component"/>
    </testcase>
    <testcase classname="document" name=" ›› /components/checkboxes/example-checkboxes-with-revealed-checkboxes">
      <failure message="Design deviation ›› /components/checkboxes/example-checkboxes-with-revealed-checkboxes (document) component"/>
      <error message="Design deviation ›› /components/checkboxes/example-checkboxes-with-revealed-checkboxes (document) component"/>
    </testcase>
    <testcase classname="document" name=" ›› /components/checkboxes/example-checkboxes-with-revealed-checkboxes">
      <failure message="Design deviation ›› /components/checkboxes/example-checkboxes-with-revealed-checkboxes (document) component"/>
      <error message="Design deviation ›› /components/checkboxes/example-checkboxes-with-revealed-checkboxes (document) component"/>
    </testcase>
    <testcase classname="document" name=" ›› /components/checkboxes/example-checkboxes-with-revealed-checkboxes">
      <failure message="Design deviation ›› /components/checkboxes/example-checkboxes-with-revealed-checkboxes (document) component"/>
      <error message="Design deviation ›› /components/checkboxes/example-checkboxes-with-revealed-checkboxes (document) component"/>
    </testcase>
    <testcase classname="document" name=" ›› /components/checkboxes/example-checkboxes-with-revealed-radios">
      <failure message="Design deviation ›› /components/checkboxes/example-checkboxes-with-revealed-radios (document) component"/>
      <error message="Design deviation ›› /components/checkboxes/example-checkboxes-with-revealed-radios (document) component"/>
    </testcase>
    <testcase classname="document" name=" ›› /components/checkboxes/example-checkboxes-with-revealed-radios">
      <failure message="Design deviation ›› /components/checkboxes/example-checkboxes-with-revealed-radios (document) component"/>
      <error message="Design deviation ›› /components/checkboxes/example-checkboxes-with-revealed-radios (document) component"/>
    </testcase>
    <testcase classname="document" name=" ›› /components/checkboxes/example-checkboxes-with-revealed-radios">
      <failure message="Design deviation ›› /components/checkboxes/example-checkboxes-with-revealed-radios (document) component"/>
      <error message="Design deviation ›› /components/checkboxes/example-checkboxes-with-revealed-radios (document) component"/>
    </testcase>
    <testcase classname="document" name=" ›› /components/checkboxes/example-checkboxes-with-revealed-select">
      <failure message="Design deviation ›› /components/checkboxes/example-checkboxes-with-revealed-select (document) component"/>
      <error message="Design deviation ›› /components/checkboxes/example-checkboxes-with-revealed-select (document) component"/>
    </testcase>
    <testcase classname="document" name=" ›› /components/checkboxes/example-checkboxes-with-revealed-select">
      <failure message="Design deviation ›› /components/checkboxes/example-checkboxes-with-revealed-select (document) component"/>
      <error message="Design deviation ›› /components/checkboxes/example-checkboxes-with-revealed-select (document) component"/>
    </testcase>
    <testcase classname="document" name=" ›› /components/checkboxes/example-checkboxes-with-revealed-select">
      <failure message="Design deviation ›› /components/checkboxes/example-checkboxes-with-revealed-select (document) component"/>
      <error message="Design deviation ›› /components/checkboxes/example-checkboxes-with-revealed-select (document) component"/>
    </testcase>
    <testcase classname="document" name=" ›› /components/checkboxes/example-checkboxes-with-revealed-text-input">
      <failure message="Design deviation ›› /components/checkboxes/example-checkboxes-with-revealed-text-input (document) component"/>
      <error message="Design deviation ›› /components/checkboxes/example-checkboxes-with-revealed-text-input (document) component"/>
    </testcase>
    <testcase classname="document" name=" ›› /components/checkboxes/example-checkboxes-with-revealed-text-input">
      <failure message="Design deviation ›› /components/checkboxes/example-checkboxes-with-revealed-text-input (document) component"/>
      <error message="Design deviation ›› /components/checkboxes/example-checkboxes-with-revealed-text-input (document) component"/>
    </testcase>
    <testcase classname="document" name=" ›› /components/checkboxes/example-checkboxes-with-revealed-text-input">
      <failure message="Design deviation ›› /components/checkboxes/example-checkboxes-with-revealed-text-input (document) component"/>
      <error message="Design deviation ›› /components/checkboxes/example-checkboxes-with-revealed-text-input (document) component"/>
    </testcase>
    <testcase classname="document" name=" ›› /components/checkboxes/example-checkboxes-with-select-all-button">
      <failure message="Design deviation ›› /components/checkboxes/example-checkboxes-with-select-all-button (document) component"/>
      <error message="Design deviation ›› /components/checkboxes/example-checkboxes-with-select-all-button (document) component"/>
    </testcase>
    <testcase classname="document" name=" ›› /components/checkboxes/example-checkboxes-with-select-all-button">
      <failure message="Design deviation ›› /components/checkboxes/example-checkboxes-with-select-all-button (document) component"/>
      <error message="Design deviation ›› /components/checkboxes/example-checkboxes-with-select-all-button (document) component"/>
    </testcase>
    <testcase classname="document" name=" ›› /components/checkboxes/example-checkboxes-with-select-all-button">
      <failure message="Design deviation ›› /components/checkboxes/example-checkboxes-with-select-all-button (document) component"/>
      <error message="Design deviation ›› /components/checkboxes/example-checkboxes-with-select-all-button (document) component"/>
    </testcase>
    <testcase classname="document" name=" ›› /components/checkboxes/example-checkboxes-with-visible-text-input">
      <failure message="Design deviation ›› /components/checkboxes/example-checkboxes-with-visible-text-input (document) component"/>
      <error message="Design deviation ›› /components/checkboxes/example-checkboxes-with-visible-text-input (document) component"/>
    </testcase>
    <testcase classname="document" name=" ›› /components/checkboxes/example-checkboxes-with-visible-text-input">
      <failure message="Design deviation ›› /components/checkboxes/example-checkboxes-with-visible-text-input (document) component"/>
      <error message="Design deviation ›› /components/checkboxes/example-checkboxes-with-visible-text-input (document) component"/>
    </testcase>
    <testcase classname="document" name=" ›› /components/checkboxes/example-checkboxes-with-visible-text-input">
      <failure message="Design deviation ›› /components/checkboxes/example-checkboxes-with-visible-text-input (document) component"/>
      <error message="Design deviation ›› /components/checkboxes/example-checkboxes-with-visible-text-input (document) component"/>
    </testcase>
    <testcase classname="document" name=" ›› /components/checkboxes/example-checkboxes-without-border">
      <failure message="Design deviation ›› /components/checkboxes/example-checkboxes-without-border (document) component"/>
      <error message="Design deviation ›› /components/checkboxes/example-checkboxes-without-border (document) component"/>
    </testcase>
    <testcase classname="document" name=" ›› /components/checkboxes/example-checkboxes-without-border">
      <failure message="Design deviation ›› /components/checkboxes/example-checkboxes-without-border (document) component"/>
      <error message="Design deviation ›› /components/checkboxes/example-checkboxes-without-border (document) component"/>
    </testcase>
    <testcase classname="document" name=" ›› /components/checkboxes/example-checkboxes-without-border">
      <failure message="Design deviation ›› /components/checkboxes/example-checkboxes-without-border (document) component"/>
      <error message="Design deviation ›› /components/checkboxes/example-checkboxes-without-border (document) component"/>
    </testcase>
    <testcase classname="document" name=" ›› /components/checkboxes/example-checkboxes">
      <failure message="Design deviation ›› /components/checkboxes/example-checkboxes (document) component"/>
      <error message="Design deviation ›› /components/checkboxes/example-checkboxes (document) component"/>
    </testcase>
    <testcase classname="document" name=" ›› /components/checkboxes/example-checkboxes">
      <failure message="Design deviation ›› /components/checkboxes/example-checkboxes (document) component"/>
      <error message="Design deviation ›› /components/checkboxes/example-checkboxes (document) component"/>
    </testcase>
    <testcase classname="document" name=" ›› /components/checkboxes/example-checkboxes">
      <failure message="Design deviation ›› /components/checkboxes/example-checkboxes (document) component"/>
      <error message="Design deviation ›› /components/checkboxes/example-checkboxes (document) component"/>
    </testcase>
    <testcase classname="document" name=" ›› /components/content-pagination/example-content-pagination">
      <failure message="Design deviation ›› /components/content-pagination/example-content-pagination (document) component"/>
      <error message="Design deviation ›› /components/content-pagination/example-content-pagination (document) component"/>
    </testcase>
    <testcase classname="document" name=" ›› /components/content-pagination/example-content-pagination">
      <failure message="Design deviation ›› /components/content-pagination/example-content-pagination (document) component"/>
      <error message="Design deviation ›› /components/content-pagination/example-content-pagination (document) component"/>
    </testcase>
    <testcase classname="document" name=" ›› /components/content-pagination/example-content-pagination">
      <failure message="Design deviation ›› /components/content-pagination/example-content-pagination (document) component"/>
      <error message="Design deviation ›› /components/content-pagination/example-content-pagination (document) component"/>
    </testcase>
    <testcase classname="document" name=" ›› /components/cookies-banner/example-cookies-banner-cymraeg">
      <failure message="Design deviation ›› /components/cookies-banner/example-cookies-banner-cymraeg (document) component"/>
      <error message="Design deviation ›› /components/cookies-banner/example-cookies-banner-cymraeg (document) component"/>
    </testcase>
    <testcase classname="document" name=" ›› /components/cookies-banner/example-cookies-banner-cymraeg">
      <failure message="Design deviation ›› /components/cookies-banner/example-cookies-banner-cymraeg (document) component"/>
      <error message="Design deviation ›› /components/cookies-banner/example-cookies-banner-cymraeg (document) component"/>
    </testcase>
    <testcase classname="document" name=" ›› /components/cookies-banner/example-cookies-banner-cymraeg">
      <failure message="Design deviation ›› /components/cookies-banner/example-cookies-banner-cymraeg (document) component"/>
      <error message="Design deviation ›› /components/cookies-banner/example-cookies-banner-cymraeg (document) component"/>
    </testcase>
    <testcase classname="document" name=" ›› /components/cookies-banner/example-cookies-banner">
      <failure message="Design deviation ›› /components/cookies-banner/example-cookies-banner (document) component"/>
      <error message="Design deviation ›› /components/cookies-banner/example-cookies-banner (document) component"/>
    </testcase>
    <testcase classname="document" name=" ›› /components/cookies-banner/example-cookies-banner">
      <failure message="Design deviation ›› /components/cookies-banner/example-cookies-banner (document) component"/>
      <error message="Design deviation ›› /components/cookies-banner/example-cookies-banner (document) component"/>
    </testcase>
    <testcase classname="document" name=" ›› /components/cookies-banner/example-cookies-banner">
      <failure message="Design deviation ›› /components/cookies-banner/example-cookies-banner (document) component"/>
      <error message="Design deviation ›› /components/cookies-banner/example-cookies-banner (document) component"/>
    </testcase>
    <testcase classname="document" name=" ›› /components/date-input/example-date-input-error">
      <failure message="Design deviation ›› /components/date-input/example-date-input-error (document) component"/>
      <error message="Design deviation ›› /components/date-input/example-date-input-error (document) component"/>
    </testcase>
    <testcase classname="document" name=" ›› /components/date-input/example-date-input-error">
      <failure message="Design deviation ›› /components/date-input/example-date-input-error (document) component"/>
      <error message="Design deviation ›› /components/date-input/example-date-input-error (document) component"/>
    </testcase>
    <testcase classname="document" name=" ›› /components/date-input/example-date-input-error">
      <failure message="Design deviation ›› /components/date-input/example-date-input-error (document) component"/>
      <error message="Design deviation ›› /components/date-input/example-date-input-error (document) component"/>
    </testcase>
    <testcase classname="document" name=" ›› /components/date-input/example-date-input">
      <failure message="Design deviation ›› /components/date-input/example-date-input (document) component"/>
      <error message="Design deviation ›› /components/date-input/example-date-input (document) component"/>
    </testcase>
    <testcase classname="document" name=" ›› /components/date-input/example-date-input">
      <failure message="Design deviation ›› /components/date-input/example-date-input (document) component"/>
      <error message="Design deviation ›› /components/date-input/example-date-input (document) component"/>
    </testcase>
    <testcase classname="document" name=" ›› /components/date-input/example-date-input">
      <failure message="Design deviation ›› /components/date-input/example-date-input (document) component"/>
      <error message="Design deviation ›› /components/date-input/example-date-input (document) component"/>
    </testcase>
    <testcase classname="document" name=" ›› /components/details/example-details-with-saved-state">
      <failure message="Design deviation ›› /components/details/example-details-with-saved-state (document) component"/>
      <error message="Design deviation ›› /components/details/example-details-with-saved-state (document) component"/>
    </testcase>
    <testcase classname="document" name=" ›› /components/details/example-details-with-saved-state">
      <failure message="Design deviation ›› /components/details/example-details-with-saved-state (document) component"/>
      <error message="Design deviation ›› /components/details/example-details-with-saved-state (document) component"/>
    </testcase>
    <testcase classname="document" name=" ›› /components/details/example-details-with-saved-state">
      <failure message="Design deviation ›› /components/details/example-details-with-saved-state (document) component"/>
      <error message="Design deviation ›› /components/details/example-details-with-saved-state (document) component"/>
    </testcase>
    <testcase classname="document" name=" ›› /components/details/example-details-with-warning">
      <failure message="Design deviation ›› /components/details/example-details-with-warning (document) component"/>
      <error message="Design deviation ›› /components/details/example-details-with-warning (document) component"/>
    </testcase>
    <testcase classname="document" name=" ›› /components/details/example-details-with-warning">
      <failure message="Design deviation ›› /components/details/example-details-with-warning (document) component"/>
      <error message="Design deviation ›› /components/details/example-details-with-warning (document) component"/>
    </testcase>
    <testcase classname="document" name=" ›› /components/details/example-details-with-warning">
      <failure message="Design deviation ›› /components/details/example-details-with-warning (document) component"/>
      <error message="Design deviation ›› /components/details/example-details-with-warning (document) component"/>
    </testcase>
    <testcase classname="document" name=" ›› /components/details/example-details">
      <failure message="Design deviation ›› /components/details/example-details (document) component"/>
      <error message="Design deviation ›› /components/details/example-details (document) component"/>
    </testcase>
    <testcase classname="document" name=" ›› /components/details/example-details">
      <failure message="Design deviation ›› /components/details/example-details (document) component"/>
      <error message="Design deviation ›› /components/details/example-details (document) component"/>
    </testcase>
    <testcase classname="document" name=" ›› /components/details/example-details">
      <failure message="Design deviation ›› /components/details/example-details (document) component"/>
      <error message="Design deviation ›› /components/details/example-details (document) component"/>
    </testcase>
    <testcase classname="document" name=" ›› /components/document-list/example-document-list-article-featured">
      <failure message="Design deviation ›› /components/document-list/example-document-list-article-featured (document) component"/>
      <error message="Design deviation ›› /components/document-list/example-document-list-article-featured (document) component"/>
    </testcase>
    <testcase classname="document" name=" ›› /components/document-list/example-document-list-article-featured">
      <failure message="Design deviation ›› /components/document-list/example-document-list-article-featured (document) component"/>
      <error message="Design deviation ›› /components/document-list/example-document-list-article-featured (document) component"/>
    </testcase>
    <testcase classname="document" name=" ›› /components/document-list/example-document-list-article-featured">
      <failure message="Design deviation ›› /components/document-list/example-document-list-article-featured (document) component"/>
      <error message="Design deviation ›› /components/document-list/example-document-list-article-featured (document) component"/>
    </testcase>
    <testcase classname="document" name=" ›› /components/document-list/example-document-list-articles">
      <failure message="Design deviation ›› /components/document-list/example-document-list-articles (document) component"/>
      <error message="Design deviation ›› /components/document-list/example-document-list-articles (document) component"/>
    </testcase>
    <testcase classname="document" name=" ›› /components/document-list/example-document-list-articles">
      <failure message="Design deviation ›› /components/document-list/example-document-list-articles (document) component"/>
      <error message="Design deviation ›› /components/document-list/example-document-list-articles (document) component"/>
    </testcase>
    <testcase classname="document" name=" ›› /components/document-list/example-document-list-articles">
      <failure message="Design deviation ›› /components/document-list/example-document-list-articles (document) component"/>
      <error message="Design deviation ›› /components/document-list/example-document-list-articles (document) component"/>
    </testcase>
    <testcase classname="document" name=" ›› /components/document-list/example-document-list-downloads">
      <failure message="Design deviation ›› /components/document-list/example-document-list-downloads (document) component"/>
      <error message="Design deviation ›› /components/document-list/example-document-list-downloads (document) component"/>
    </testcase>
    <testcase classname="document" name=" ›› /components/document-list/example-document-list-downloads">
      <failure message="Design deviation ›› /components/document-list/example-document-list-downloads (document) component"/>
      <error message="Design deviation ›› /components/document-list/example-document-list-downloads (document) component"/>
    </testcase>
    <testcase classname="document" name=" ›› /components/document-list/example-document-list-downloads">
      <failure message="Design deviation ›› /components/document-list/example-document-list-downloads (document) component"/>
      <error message="Design deviation ›› /components/document-list/example-document-list-downloads (document) component"/>
    </testcase>
    <testcase classname="document" name=" ›› /components/document-list/example-document-list-search-result-featured">
      <failure message="Design deviation ›› /components/document-list/example-document-list-search-result-featured (document) component"/>
      <error message="Design deviation ›› /components/document-list/example-document-list-search-result-featured (document) component"/>
    </testcase>
    <testcase classname="document" name=" ›› /components/document-list/example-document-list-search-result-featured">
      <failure message="Design deviation ›› /components/document-list/example-document-list-search-result-featured (document) component"/>
      <error message="Design deviation ›› /components/document-list/example-document-list-search-result-featured (document) component"/>
    </testcase>
    <testcase classname="document" name=" ›› /components/document-list/example-document-list-search-result-featured">
      <failure message="Design deviation ›› /components/document-list/example-document-list-search-result-featured (document) component"/>
      <error message="Design deviation ›› /components/document-list/example-document-list-search-result-featured (document) component"/>
    </testcase>
    <testcase classname="document" name=" ›› /components/document-list/example-document-list-search-results">
      <failure message="Design deviation ›› /components/document-list/example-document-list-search-results (document) component"/>
      <error message="Design deviation ›› /components/document-list/example-document-list-search-results (document) component"/>
    </testcase>
    <testcase classname="document" name=" ›› /components/document-list/example-document-list-search-results">
      <failure message="Design deviation ›› /components/document-list/example-document-list-search-results (document) component"/>
      <error message="Design deviation ›› /components/document-list/example-document-list-search-results (document) component"/>
    </testcase>
    <testcase classname="document" name=" ›› /components/document-list/example-document-list-search-results">
      <failure message="Design deviation ›› /components/document-list/example-document-list-search-results (document) component"/>
      <error message="Design deviation ›› /components/document-list/example-document-list-search-results (document) component"/>
    </testcase>
    <testcase classname="document" name=" ›› /components/duration/example-duration-error">
      <failure message="Design deviation ›› /components/duration/example-duration-error (document) component"/>
      <error message="Design deviation ›› /components/duration/example-duration-error (document) component"/>
    </testcase>
    <testcase classname="document" name=" ›› /components/duration/example-duration-error">
      <failure message="Design deviation ›› /components/duration/example-duration-error (document) component"/>
      <error message="Design deviation ›› /components/duration/example-duration-error (document) component"/>
    </testcase>
    <testcase classname="document" name=" ›› /components/duration/example-duration-error">
      <failure message="Design deviation ›› /components/duration/example-duration-error (document) component"/>
      <error message="Design deviation ›› /components/duration/example-duration-error (document) component"/>
    </testcase>
    <testcase classname="document" name=" ›› /components/duration/example-duration">
      <failure message="Design deviation ›› /components/duration/example-duration (document) component"/>
      <error message="Design deviation ›› /components/duration/example-duration (document) component"/>
    </testcase>
    <testcase classname="document" name=" ›› /components/duration/example-duration">
      <failure message="Design deviation ›› /components/duration/example-duration (document) component"/>
      <error message="Design deviation ›› /components/duration/example-duration (document) component"/>
    </testcase>
    <testcase classname="document" name=" ›› /components/duration/example-duration">
      <failure message="Design deviation ›› /components/duration/example-duration (document) component"/>
      <error message="Design deviation ›› /components/duration/example-duration (document) component"/>
    </testcase>
    <testcase classname="document" name=" ›› /components/external-link/example-external-link">
      <failure message="Design deviation ›› /components/external-link/example-external-link (document) component"/>
      <error message="Design deviation ›› /components/external-link/example-external-link (document) component"/>
    </testcase>
    <testcase classname="document" name=" ›› /components/external-link/example-external-link">
      <failure message="Design deviation ›› /components/external-link/example-external-link (document) component"/>
      <error message="Design deviation ›› /components/external-link/example-external-link (document) component"/>
    </testcase>
    <testcase classname="document" name=" ›› /components/external-link/example-external-link">
      <failure message="Design deviation ›› /components/external-link/example-external-link (document) component"/>
      <error message="Design deviation ›› /components/external-link/example-external-link (document) component"/>
    </testcase>
    <testcase classname="document" name=" ›› /components/feedback/example-feedback-call-to-action">
      <failure message="Design deviation ›› /components/feedback/example-feedback-call-to-action (document) component"/>
      <error message="Design deviation ›› /components/feedback/example-feedback-call-to-action (document) component"/>
    </testcase>
    <testcase classname="document" name=" ›› /components/feedback/example-feedback-call-to-action">
      <failure message="Design deviation ›› /components/feedback/example-feedback-call-to-action (document) component"/>
      <error message="Design deviation ›› /components/feedback/example-feedback-call-to-action (document) component"/>
    </testcase>
    <testcase classname="document" name=" ›› /components/feedback/example-feedback-call-to-action">
      <failure message="Design deviation ›› /components/feedback/example-feedback-call-to-action (document) component"/>
      <error message="Design deviation ›› /components/feedback/example-feedback-call-to-action (document) component"/>
    </testcase>
    <testcase classname="document" name=" ›› /components/footer/example-footer-cymraeg">
      <failure message="Design deviation ›› /components/footer/example-footer-cymraeg (document) component"/>
      <error message="Design deviation ›› /components/footer/example-footer-cymraeg (document) component"/>
    </testcase>
    <testcase classname="document" name=" ›› /components/footer/example-footer-cymraeg">
      <failure message="Design deviation ›› /components/footer/example-footer-cymraeg (document) component"/>
      <error message="Design deviation ›› /components/footer/example-footer-cymraeg (document) component"/>
    </testcase>
    <testcase classname="document" name=" ›› /components/footer/example-footer-cymraeg">
      <failure message="Design deviation ›› /components/footer/example-footer-cymraeg (document) component"/>
      <error message="Design deviation ›› /components/footer/example-footer-cymraeg (document) component"/>
    </testcase>
    <testcase classname="document" name=" ›› /components/footer/example-footer-default">
      <failure message="Design deviation ›› /components/footer/example-footer-default (document) component"/>
      <error message="Design deviation ›› /components/footer/example-footer-default (document) component"/>
    </testcase>
    <testcase classname="document" name=" ›› /components/footer/example-footer-default">
      <failure message="Design deviation ›› /components/footer/example-footer-default (document) component"/>
      <error message="Design deviation ›› /components/footer/example-footer-default (document) component"/>
    </testcase>
    <testcase classname="document" name=" ›› /components/footer/example-footer-default">
      <failure message="Design deviation ›› /components/footer/example-footer-default (document) component"/>
      <error message="Design deviation ›› /components/footer/example-footer-default (document) component"/>
    </testcase>
    <testcase classname="document" name=" ›› /components/footer/example-footer-transactional">
      <failure message="Design deviation ›› /components/footer/example-footer-transactional (document) component"/>
      <error message="Design deviation ›› /components/footer/example-footer-transactional (document) component"/>
    </testcase>
    <testcase classname="document" name=" ›› /components/footer/example-footer-transactional">
      <failure message="Design deviation ›› /components/footer/example-footer-transactional (document) component"/>
      <error message="Design deviation ›› /components/footer/example-footer-transactional (document) component"/>
    </testcase>
    <testcase classname="document" name=" ›› /components/footer/example-footer-transactional">
      <failure message="Design deviation ›› /components/footer/example-footer-transactional (document) component"/>
      <error message="Design deviation ›› /components/footer/example-footer-transactional (document) component"/>
    </testcase>
    <testcase classname="document" name=" ›› /components/footer/example-footer-warning">
      <failure message="Design deviation ›› /components/footer/example-footer-warning (document) component"/>
      <error message="Design deviation ›› /components/footer/example-footer-warning (document) component"/>
    </testcase>
    <testcase classname="document" name=" ›› /components/footer/example-footer-warning">
      <failure message="Design deviation ›› /components/footer/example-footer-warning (document) component"/>
      <error message="Design deviation ›› /components/footer/example-footer-warning (document) component"/>
    </testcase>
    <testcase classname="document" name=" ›› /components/footer/example-footer-warning">
      <failure message="Design deviation ›› /components/footer/example-footer-warning (document) component"/>
      <error message="Design deviation ›› /components/footer/example-footer-warning (document) component"/>
    </testcase>
    <testcase classname="document" name=" ›› /components/footer/example-footer-with-alternative-organisation">
      <failure message="Design deviation ›› /components/footer/example-footer-with-alternative-organisation (document) component"/>
      <error message="Design deviation ›› /components/footer/example-footer-with-alternative-organisation (document) component"/>
    </testcase>
    <testcase classname="document" name=" ›› /components/footer/example-footer-with-alternative-organisation">
      <failure message="Design deviation ›› /components/footer/example-footer-with-alternative-organisation (document) component"/>
      <error message="Design deviation ›› /components/footer/example-footer-with-alternative-organisation (document) component"/>
    </testcase>
    <testcase classname="document" name=" ›› /components/footer/example-footer-with-alternative-organisation">
      <failure message="Design deviation ›› /components/footer/example-footer-with-alternative-organisation (document) component"/>
      <error message="Design deviation ›› /components/footer/example-footer-with-alternative-organisation (document) component"/>
    </testcase>
    <testcase classname="document" name=" ›› /components/footer/example-footer-with-coat-of-arms">
      <failure message="Design deviation ›› /components/footer/example-footer-with-coat-of-arms (document) component"/>
      <error message="Design deviation ›› /components/footer/example-footer-with-coat-of-arms (document) component"/>
    </testcase>
    <testcase classname="document" name=" ›› /components/footer/example-footer-with-coat-of-arms">
      <failure message="Design deviation ›› /components/footer/example-footer-with-coat-of-arms (document) component"/>
      <error message="Design deviation ›› /components/footer/example-footer-with-coat-of-arms (document) component"/>
    </testcase>
    <testcase classname="document" name=" ›› /components/footer/example-footer-with-coat-of-arms">
      <failure message="Design deviation ›› /components/footer/example-footer-with-coat-of-arms (document) component"/>
      <error message="Design deviation ›› /components/footer/example-footer-with-coat-of-arms (document) component"/>
    </testcase>
    <testcase classname="document" name=" ›› /components/footer/example-footer-with-copyright">
      <failure message="Design deviation ›› /components/footer/example-footer-with-copyright (document) component"/>
      <error message="Design deviation ›› /components/footer/example-footer-with-copyright (document) component"/>
    </testcase>
    <testcase classname="document" name=" ›› /components/footer/example-footer-with-copyright">
      <failure message="Design deviation ›› /components/footer/example-footer-with-copyright (document) component"/>
      <error message="Design deviation ›› /components/footer/example-footer-with-copyright (document) component"/>
    </testcase>
    <testcase classname="document" name=" ›› /components/footer/example-footer-with-copyright">
      <failure message="Design deviation ›› /components/footer/example-footer-with-copyright (document) component"/>
      <error message="Design deviation ›› /components/footer/example-footer-with-copyright (document) component"/>
    </testcase>
    <testcase classname="document" name=" ›› /components/footer/example-footer">
      <failure message="Design deviation ›› /components/footer/example-footer (document) component"/>
      <error message="Design deviation ›› /components/footer/example-footer (document) component"/>
    </testcase>
    <testcase classname="document" name=" ›› /components/footer/example-footer">
      <failure message="Design deviation ›› /components/footer/example-footer (document) component"/>
      <error message="Design deviation ›› /components/footer/example-footer (document) component"/>
    </testcase>
    <testcase classname="document" name=" ›› /components/footer/example-footer">
      <failure message="Design deviation ›› /components/footer/example-footer (document) component"/>
      <error message="Design deviation ›› /components/footer/example-footer (document) component"/>
    </testcase>
    <testcase classname="document" name=" ›› /components/header/example-header-default">
      <failure message="Design deviation ›› /components/header/example-header-default (document) component"/>
      <error message="Design deviation ›› /components/header/example-header-default (document) component"/>
    </testcase>
    <testcase classname="document" name=" ›› /components/header/example-header-default">
      <failure message="Design deviation ›› /components/header/example-header-default (document) component"/>
      <error message="Design deviation ›› /components/header/example-header-default (document) component"/>
    </testcase>
    <testcase classname="document" name=" ›› /components/header/example-header-default">
      <failure message="Design deviation ›› /components/header/example-header-default (document) component"/>
      <error message="Design deviation ›› /components/header/example-header-default (document) component"/>
    </testcase>
    <testcase classname="document" name=" ›› /components/header/example-header-external-for-survey-with-description">
      <failure message="Design deviation ›› /components/header/example-header-external-for-survey-with-description (document) component"/>
      <error message="Design deviation ›› /components/header/example-header-external-for-survey-with-description (document) component"/>
    </testcase>
    <testcase classname="document" name=" ›› /components/header/example-header-external-for-survey-with-description">
      <failure message="Design deviation ›› /components/header/example-header-external-for-survey-with-description (document) component"/>
      <error message="Design deviation ›› /components/header/example-header-external-for-survey-with-description (document) component"/>
    </testcase>
    <testcase classname="document" name=" ›› /components/header/example-header-external-for-survey-with-description">
      <failure message="Design deviation ›› /components/header/example-header-external-for-survey-with-description (document) component"/>
      <error message="Design deviation ›› /components/header/example-header-external-for-survey-with-description (document) component"/>
    </testcase>
    <testcase classname="document" name=" ›› /components/header/example-header-external-for-surveys">
      <failure message="Design deviation ›› /components/header/example-header-external-for-surveys (document) component"/>
      <error message="Design deviation ›› /components/header/example-header-external-for-surveys (document) component"/>
    </testcase>
    <testcase classname="document" name=" ›› /components/header/example-header-external-for-surveys">
      <failure message="Design deviation ›› /components/header/example-header-external-for-surveys (document) component"/>
      <error message="Design deviation ›› /components/header/example-header-external-for-surveys (document) component"/>
    </testcase>
    <testcase classname="document" name=" ›› /components/header/example-header-external-for-surveys">
      <failure message="Design deviation ›› /components/header/example-header-external-for-surveys (document) component"/>
      <error message="Design deviation ›› /components/header/example-header-external-for-surveys (document) component"/>
    </testcase>
    <testcase classname="document" name=" ›› /components/header/example-header-external-welsh">
      <failure message="Design deviation ›› /components/header/example-header-external-welsh (document) component"/>
      <error message="Design deviation ›› /components/header/example-header-external-welsh (document) component"/>
    </testcase>
    <testcase classname="document" name=" ›› /components/header/example-header-external-welsh">
      <failure message="Design deviation ›› /components/header/example-header-external-welsh (document) component"/>
      <error message="Design deviation ›› /components/header/example-header-external-welsh (document) component"/>
    </testcase>
    <testcase classname="document" name=" ›› /components/header/example-header-external-welsh">
      <failure message="Design deviation ›› /components/header/example-header-external-welsh (document) component"/>
      <error message="Design deviation ›› /components/header/example-header-external-welsh (document) component"/>
    </testcase>
    <testcase classname="document" name=" ›› /components/header/example-header-external-with-navigation">
      <failure message="Design deviation ›› /components/header/example-header-external-with-navigation (document) component"/>
      <error message="Design deviation ›› /components/header/example-header-external-with-navigation (document) component"/>
    </testcase>
    <testcase classname="document" name=" ›› /components/header/example-header-external-with-navigation">
      <failure message="Design deviation ›› /components/header/example-header-external-with-navigation (document) component"/>
      <error message="Design deviation ›› /components/header/example-header-external-with-navigation (document) component"/>
    </testcase>
    <testcase classname="document" name=" ›› /components/header/example-header-external-with-navigation">
      <failure message="Design deviation ›› /components/header/example-header-external-with-navigation (document) component"/>
      <error message="Design deviation ›› /components/header/example-header-external-with-navigation (document) component"/>
    </testcase>
    <testcase classname="document" name=" ›› /components/header/example-header-external-with-service-links">
      <failure message="Design deviation ›› /components/header/example-header-external-with-service-links (document) component"/>
      <error message="Design deviation ›› /components/header/example-header-external-with-service-links (document) component"/>
    </testcase>
    <testcase classname="document" name=" ›› /components/header/example-header-external-with-service-links">
      <failure message="Design deviation ›› /components/header/example-header-external-with-service-links (document) component"/>
      <error message="Design deviation ›› /components/header/example-header-external-with-service-links (document) component"/>
    </testcase>
    <testcase classname="document" name=" ›› /components/header/example-header-external-with-service-links">
      <failure message="Design deviation ›› /components/header/example-header-external-with-service-links (document) component"/>
      <error message="Design deviation ›› /components/header/example-header-external-with-service-links (document) component"/>
    </testcase>
    <testcase classname="document" name=" ›› /components/header/example-header-external-with-sub-navigation">
      <failure message="Design deviation ›› /components/header/example-header-external-with-sub-navigation (document) component"/>
      <error message="Design deviation ›› /components/header/example-header-external-with-sub-navigation (document) component"/>
    </testcase>
    <testcase classname="document" name=" ›› /components/header/example-header-external-with-sub-navigation">
      <failure message="Design deviation ›› /components/header/example-header-external-with-sub-navigation (document) component"/>
      <error message="Design deviation ›› /components/header/example-header-external-with-sub-navigation (document) component"/>
    </testcase>
    <testcase classname="document" name=" ›› /components/header/example-header-external-with-sub-navigation">
      <failure message="Design deviation ›› /components/header/example-header-external-with-sub-navigation (document) component"/>
      <error message="Design deviation ›› /components/header/example-header-external-with-sub-navigation (document) component"/>
    </testcase>
    <testcase classname="document" name=" ›› /components/header/example-header-internal">
      <failure message="Design deviation ›› /components/header/example-header-internal (document) component"/>
      <error message="Design deviation ›› /components/header/example-header-internal (document) component"/>
    </testcase>
    <testcase classname="document" name=" ›› /components/header/example-header-internal">
      <failure message="Design deviation ›› /components/header/example-header-internal (document) component"/>
      <error message="Design deviation ›› /components/header/example-header-internal (document) component"/>
    </testcase>
    <testcase classname="document" name=" ›› /components/header/example-header-internal">
      <failure message="Design deviation ›› /components/header/example-header-internal (document) component"/>
      <error message="Design deviation ›› /components/header/example-header-internal (document) component"/>
    </testcase>
    <testcase classname="document" name=" ›› /components/header/example-header-neutral-for-multicoloured-logo">
      <failure message="Design deviation ›› /components/header/example-header-neutral-for-multicoloured-logo (document) component"/>
      <error message="Design deviation ›› /components/header/example-header-neutral-for-multicoloured-logo (document) component"/>
    </testcase>
    <testcase classname="document" name=" ›› /components/header/example-header-neutral-for-multicoloured-logo">
      <failure message="Design deviation ›› /components/header/example-header-neutral-for-multicoloured-logo (document) component"/>
      <error message="Design deviation ›› /components/header/example-header-neutral-for-multicoloured-logo (document) component"/>
[...]
      <error message="Design deviation ›› /foundations/headings/example-breakpoint-headings (document) component"/>
    </testcase>
    <testcase classname="document" name=" ›› /foundations/headings/example-default-heading-sizes">
      <failure message="Design deviation ›› /foundations/headings/example-default-heading-sizes (document) component"/>
      <error message="Design deviation ›› /foundations/headings/example-default-heading-sizes (document) component"/>
    </testcase>
    <testcase classname="document" name=" ›› /foundations/headings/example-default-heading-sizes">
      <failure message="Design deviation ›› /foundations/headings/example-default-heading-sizes (document) component"/>
      <error message="Design deviation ›› /foundations/headings/example-default-heading-sizes (document) component"/>
    </testcase>
    <testcase classname="document" name=" ›› /foundations/headings/example-default-heading-sizes">
      <failure message="Design deviation ›› /foundations/headings/example-default-heading-sizes (document) component"/>
      <error message="Design deviation ›› /foundations/headings/example-default-heading-sizes (document) component"/>
    </testcase>
    <testcase classname="document" name=" ›› /foundations/highlighting/example-highlighting">
      <failure message="Design deviation ›› /foundations/highlighting/example-highlighting (document) component"/>
      <error message="Design deviation ›› /foundations/highlighting/example-highlighting (document) component"/>
    </testcase>
    <testcase classname="document" name=" ›› /foundations/highlighting/example-highlighting">
      <failure message="Design deviation ›› /foundations/highlighting/example-highlighting (document) component"/>
      <error message="Design deviation ›› /foundations/highlighting/example-highlighting (document) component"/>
    </testcase>
    <testcase classname="document" name=" ›› /foundations/highlighting/example-highlighting">
      <failure message="Design deviation ›› /foundations/highlighting/example-highlighting (document) component"/>
      <error message="Design deviation ›› /foundations/highlighting/example-highlighting (document) component"/>
    </testcase>
    <testcase classname="document" name=" ›› /foundations/links/example-link">
      <failure message="Design deviation ›› /foundations/links/example-link (document) component"/>
      <error message="Design deviation ›› /foundations/links/example-link (document) component"/>
    </testcase>
    <testcase classname="document" name=" ›› /foundations/links/example-link">
      <failure message="Design deviation ›› /foundations/links/example-link (document) component"/>
      <error message="Design deviation ›› /foundations/links/example-link (document) component"/>
    </testcase>
    <testcase classname="document" name=" ›› /foundations/links/example-link">
      <failure message="Design deviation ›› /foundations/links/example-link (document) component"/>
      <error message="Design deviation ›› /foundations/links/example-link (document) component"/>
    </testcase>
    <testcase classname="document" name=" ›› /foundations/lists/example-bare-list">
      <failure message="Design deviation ›› /foundations/lists/example-bare-list (document) component"/>
      <error message="Design deviation ›› /foundations/lists/example-bare-list (document) component"/>
    </testcase>
    <testcase classname="document" name=" ›› /foundations/lists/example-bare-list">
      <failure message="Design deviation ›› /foundations/lists/example-bare-list (document) component"/>
      <error message="Design deviation ›› /foundations/lists/example-bare-list (document) component"/>
    </testcase>
    <testcase classname="document" name=" ›› /foundations/lists/example-bare-list">
      <failure message="Design deviation ›› /foundations/lists/example-bare-list (document) component"/>
      <error message="Design deviation ›› /foundations/lists/example-bare-list (document) component"/>
    </testcase>
    <testcase classname="document" name=" ›› /foundations/lists/example-bulleted-list">
      <failure message="Design deviation ›› /foundations/lists/example-bulleted-list (document) component"/>
      <error message="Design deviation ›› /foundations/lists/example-bulleted-list (document) component"/>
    </testcase>
    <testcase classname="document" name=" ›› /foundations/lists/example-bulleted-list">
      <failure message="Design deviation ›› /foundations/lists/example-bulleted-list (document) component"/>
      <error message="Design deviation ›› /foundations/lists/example-bulleted-list (document) component"/>
    </testcase>
    <testcase classname="document" name=" ›› /foundations/lists/example-bulleted-list">
      <failure message="Design deviation ›› /foundations/lists/example-bulleted-list (document) component"/>
      <error message="Design deviation ›› /foundations/lists/example-bulleted-list (document) component"/>
    </testcase>
    <testcase classname="document" name=" ›› /foundations/lists/example-dashed-list">
      <failure message="Design deviation ›› /foundations/lists/example-dashed-list (document) component"/>
      <error message="Design deviation ›› /foundations/lists/example-dashed-list (document) component"/>
    </testcase>
    <testcase classname="document" name=" ›› /foundations/lists/example-dashed-list">
      <failure message="Design deviation ›› /foundations/lists/example-dashed-list (document) component"/>
      <error message="Design deviation ›› /foundations/lists/example-dashed-list (document) component"/>
    </testcase>
    <testcase classname="document" name=" ›› /foundations/lists/example-dashed-list">
      <failure message="Design deviation ›› /foundations/lists/example-dashed-list (document) component"/>
      <error message="Design deviation ›› /foundations/lists/example-dashed-list (document) component"/>
    </testcase>
    <testcase classname="document" name=" ›› /foundations/lists/example-inline-list-with-social-icon-prefix">
      <failure message="Design deviation ›› /foundations/lists/example-inline-list-with-social-icon-prefix (document) component"/>
      <error message="Design deviation ›› /foundations/lists/example-inline-list-with-social-icon-prefix (document) component"/>
    </testcase>
    <testcase classname="document" name=" ›› /foundations/lists/example-inline-list-with-social-icon-prefix">
      <failure message="Design deviation ›› /foundations/lists/example-inline-list-with-social-icon-prefix (document) component"/>
      <error message="Design deviation ›› /foundations/lists/example-inline-list-with-social-icon-prefix (document) component"/>
    </testcase>
    <testcase classname="document" name=" ›› /foundations/lists/example-inline-list-with-social-icon-prefix">
      <failure message="Design deviation ›› /foundations/lists/example-inline-list-with-social-icon-prefix (document) component"/>
      <error message="Design deviation ›› /foundations/lists/example-inline-list-with-social-icon-prefix (document) component"/>
    </testcase>
    <testcase classname="document" name=" ›› /foundations/lists/example-inline-list">
      <failure message="Design deviation ›› /foundations/lists/example-inline-list (document) component"/>
      <error message="Design deviation ›› /foundations/lists/example-inline-list (document) component"/>
    </testcase>
    <testcase classname="document" name=" ›› /foundations/lists/example-inline-list">
      <failure message="Design deviation ›› /foundations/lists/example-inline-list (document) component"/>
      <error message="Design deviation ›› /foundations/lists/example-inline-list (document) component"/>
    </testcase>
    <testcase classname="document" name=" ›› /foundations/lists/example-inline-list">
      <failure message="Design deviation ›› /foundations/lists/example-inline-list (document) component"/>
      <error message="Design deviation ›› /foundations/lists/example-inline-list (document) component"/>
    </testcase>
    <testcase classname="document" name=" ›› /foundations/lists/example-list-with-icon-prefix">
      <failure message="Design deviation ›› /foundations/lists/example-list-with-icon-prefix (document) component"/>
      <error message="Design deviation ›› /foundations/lists/example-list-with-icon-prefix (document) component"/>
    </testcase>
    <testcase classname="document" name=" ›› /foundations/lists/example-list-with-icon-prefix">
      <failure message="Design deviation ›› /foundations/lists/example-list-with-icon-prefix (document) component"/>
      <error message="Design deviation ›› /foundations/lists/example-list-with-icon-prefix (document) component"/>
    </testcase>
    <testcase classname="document" name=" ›› /foundations/lists/example-list-with-icon-prefix">
      <failure message="Design deviation ›› /foundations/lists/example-list-with-icon-prefix (document) component"/>
      <error message="Design deviation ›› /foundations/lists/example-list-with-icon-prefix (document) component"/>
    </testcase>
    <testcase classname="document" name=" ›› /foundations/lists/example-list-with-icon-suffix">
      <failure message="Design deviation ›› /foundations/lists/example-list-with-icon-suffix (document) component"/>
      <error message="Design deviation ›› /foundations/lists/example-list-with-icon-suffix (document) component"/>
    </testcase>
    <testcase classname="document" name=" ›› /foundations/lists/example-list-with-icon-suffix">
      <failure message="Design deviation ›› /foundations/lists/example-list-with-icon-suffix (document) component"/>
      <error message="Design deviation ›› /foundations/lists/example-list-with-icon-suffix (document) component"/>
    </testcase>
    <testcase classname="document" name=" ›› /foundations/lists/example-list-with-icon-suffix">
      <failure message="Design deviation ›› /foundations/lists/example-list-with-icon-suffix (document) component"/>
      <error message="Design deviation ›› /foundations/lists/example-list-with-icon-suffix (document) component"/>
    </testcase>
    <testcase classname="document" name=" ›› /foundations/lists/example-numbered-list">
      <failure message="Design deviation ›› /foundations/lists/example-numbered-list (document) component"/>
      <error message="Design deviation ›› /foundations/lists/example-numbered-list (document) component"/>
    </testcase>
    <testcase classname="document" name=" ›› /foundations/lists/example-numbered-list">
      <failure message="Design deviation ›› /foundations/lists/example-numbered-list (document) component"/>
      <error message="Design deviation ›› /foundations/lists/example-numbered-list (document) component"/>
    </testcase>
    <testcase classname="document" name=" ›› /foundations/lists/example-numbered-list">
      <failure message="Design deviation ›› /foundations/lists/example-numbered-list (document) component"/>
      <error message="Design deviation ›› /foundations/lists/example-numbered-list (document) component"/>
    </testcase>
    <testcase classname="document" name=" ›› /foundations/lists/example-prefixed-list">
      <failure message="Design deviation ›› /foundations/lists/example-prefixed-list (document) component"/>
      <error message="Design deviation ›› /foundations/lists/example-prefixed-list (document) component"/>
    </testcase>
    <testcase classname="document" name=" ›› /foundations/lists/example-prefixed-list">
      <failure message="Design deviation ›› /foundations/lists/example-prefixed-list (document) component"/>
      <error message="Design deviation ›› /foundations/lists/example-prefixed-list (document) component"/>
    </testcase>
    <testcase classname="document" name=" ›› /foundations/lists/example-prefixed-list">
      <failure message="Design deviation ›› /foundations/lists/example-prefixed-list (document) component"/>
      <error message="Design deviation ›› /foundations/lists/example-prefixed-list (document) component"/>
    </testcase>
    <testcase classname="document" name=" ›› /foundations/lists/example-suffixed-list">
      <failure message="Design deviation ›› /foundations/lists/example-suffixed-list (document) component"/>
      <error message="Design deviation ›› /foundations/lists/example-suffixed-list (document) component"/>
    </testcase>
    <testcase classname="document" name=" ›› /foundations/lists/example-suffixed-list">
      <failure message="Design deviation ›› /foundations/lists/example-suffixed-list (document) component"/>
      <error message="Design deviation ›› /foundations/lists/example-suffixed-list (document) component"/>
    </testcase>
    <testcase classname="document" name=" ›› /foundations/lists/example-suffixed-list">
      <failure message="Design deviation ›› /foundations/lists/example-suffixed-list (document) component"/>
      <error message="Design deviation ›› /foundations/lists/example-suffixed-list (document) component"/>
    </testcase>
    <testcase classname="document" name=" ›› /foundations/page-template/example-base-page-template-block-areas">
      <failure message="Design deviation ›› /foundations/page-template/example-base-page-template-block-areas (document) component"/>
      <error message="Design deviation ›› /foundations/page-template/example-base-page-template-block-areas (document) component"/>
    </testcase>
    <testcase classname="document" name=" ›› /foundations/page-template/example-base-page-template-block-areas">
      <failure message="Design deviation ›› /foundations/page-template/example-base-page-template-block-areas (document) component"/>
      <error message="Design deviation ›› /foundations/page-template/example-base-page-template-block-areas (document) component"/>
    </testcase>
    <testcase classname="document" name=" ›› /foundations/page-template/example-base-page-template-block-areas">
      <failure message="Design deviation ›› /foundations/page-template/example-base-page-template-block-areas (document) component"/>
      <error message="Design deviation ›› /foundations/page-template/example-base-page-template-block-areas (document) component"/>
    </testcase>
    <testcase classname="document" name=" ›› /foundations/page-template/example-basic">
      <failure message="Design deviation ›› /foundations/page-template/example-basic (document) component"/>
      <error message="Design deviation ›› /foundations/page-template/example-basic (document) component"/>
    </testcase>
    <testcase classname="document" name=" ›› /foundations/page-template/example-basic">
      <failure message="Design deviation ›› /foundations/page-template/example-basic (document) component"/>
      <error message="Design deviation ›› /foundations/page-template/example-basic (document) component"/>
    </testcase>
    <testcase classname="document" name=" ›› /foundations/page-template/example-basic">
      <failure message="Design deviation ›› /foundations/page-template/example-basic (document) component"/>
      <error message="Design deviation ›› /foundations/page-template/example-basic (document) component"/>
    </testcase>
    <testcase classname="document" name=" ›› /foundations/page-template/example-custom">
      <failure message="Design deviation ›› /foundations/page-template/example-custom (document) component"/>
      <error message="Design deviation ›› /foundations/page-template/example-custom (document) component"/>
    </testcase>
    <testcase classname="document" name=" ›› /foundations/page-template/example-custom">
      <failure message="Design deviation ›› /foundations/page-template/example-custom (document) component"/>
      <error message="Design deviation ›› /foundations/page-template/example-custom (document) component"/>
    </testcase>
    <testcase classname="document" name=" ›› /foundations/page-template/example-custom">
      <failure message="Design deviation ›› /foundations/page-template/example-custom (document) component"/>
      <error message="Design deviation ›› /foundations/page-template/example-custom (document) component"/>
    </testcase>
    <testcase classname="document" name=" ›› /foundations/paragraphs/example-paragraphs">
      <failure message="Design deviation ›› /foundations/paragraphs/example-paragraphs (document) component"/>
      <error message="Design deviation ›› /foundations/paragraphs/example-paragraphs (document) component"/>
    </testcase>
    <testcase classname="document" name=" ›› /foundations/paragraphs/example-paragraphs">
      <failure message="Design deviation ›› /foundations/paragraphs/example-paragraphs (document) component"/>
      <error message="Design deviation ›› /foundations/paragraphs/example-paragraphs (document) component"/>
    </testcase>
    <testcase classname="document" name=" ›› /foundations/paragraphs/example-paragraphs">
      <failure message="Design deviation ›› /foundations/paragraphs/example-paragraphs (document) component"/>
      <error message="Design deviation ›› /foundations/paragraphs/example-paragraphs (document) component"/>
    </testcase>
    <testcase classname="document" name=" ›› /foundations/quote/example-quote">
      <failure message="Design deviation ›› /foundations/quote/example-quote (document) component"/>
      <error message="Design deviation ›› /foundations/quote/example-quote (document) component"/>
    </testcase>
    <testcase classname="document" name=" ›› /foundations/quote/example-quote">
      <failure message="Design deviation ›› /foundations/quote/example-quote (document) component"/>
      <error message="Design deviation ›› /foundations/quote/example-quote (document) component"/>
    </testcase>
    <testcase classname="document" name=" ›› /foundations/quote/example-quote">
      <failure message="Design deviation ›› /foundations/quote/example-quote (document) component"/>
      <error message="Design deviation ›› /foundations/quote/example-quote (document) component"/>
    </testcase>
    <testcase classname="document" name=" ›› /foundations/text-indent/example-text-indent">
      <failure message="Design deviation ›› /foundations/text-indent/example-text-indent (document) component"/>
      <error message="Design deviation ›› /foundations/text-indent/example-text-indent (document) component"/>
    </testcase>
    <testcase classname="document" name=" ›› /foundations/text-indent/example-text-indent">
      <failure message="Design deviation ›› /foundations/text-indent/example-text-indent (document) component"/>
      <error message="Design deviation ›› /foundations/text-indent/example-text-indent (document) component"/>
    </testcase>
    <testcase classname="document" name=" ›› /foundations/text-indent/example-text-indent">
      <failure message="Design deviation ›› /foundations/text-indent/example-text-indent (document) component"/>
      <error message="Design deviation ›› /foundations/text-indent/example-text-indent (document) component"/>
    </testcase>
    <testcase classname="document" name=" ›› /foundations/type-scale/example-type-scale">
      <failure message="Design deviation ›› /foundations/type-scale/example-type-scale (document) component"/>
      <error message="Design deviation ›› /foundations/type-scale/example-type-scale (document) component"/>
    </testcase>
    <testcase classname="document" name=" ›› /foundations/type-scale/example-type-scale">
      <failure message="Design deviation ›› /foundations/type-scale/example-type-scale (document) component"/>
      <error message="Design deviation ›› /foundations/type-scale/example-type-scale (document) component"/>
    </testcase>
    <testcase classname="document" name=" ›› /foundations/type-scale/example-type-scale">
      <failure message="Design deviation ›› /foundations/type-scale/example-type-scale (document) component"/>
      <error message="Design deviation ›› /foundations/type-scale/example-type-scale (document) component"/>
    </testcase>
  </testsuite>
</testsuites>