<?xml version="1.0" encoding="UTF-8"?>
<testsuites>
  <testsuite name="BackstopJS" tests="789" failures="1" errors="1" skipped="0">
    <testcase classname="document" name=" ›› /components/access-code/examples/access-code-error"/>
    <testcase classname="document" name=" ›› /components/access-code/examples/access-code-error"/>
    <testcase classname="document" name=" ›› /components/access-code/examples/access-code-error"/>
    <testcase classname="document" name=" ›› /components/access-code/examples/access-code"/>
    <testcase classname="document" name=" ›› /components/access-code/examples/access-code"/>
    <testcase classname="document" name=" ›› /components/access-code/examples/access-code"/>
    <testcase classname="document" name=" ›› /components/accordion/examples/accordion-open"/>
    <testcase classname="document" name=" ›› /components/accordion/examples/accordion-open"/>
    <testcase classname="document" name=" ›› /components/accordion/examples/accordion-open"/>
    <testcase classname="document" name=" ›› /components/accordion/examples/accordion"/>
    <testcase classname="document" name=" ›› /components/accordion/examples/accordion"/>
    <testcase classname="document" name=" ›› /components/accordion/examples/accordion"/>
    <testcase classname="document" name=" ›› /components/address-input/examples/address-input-editable"/>
    <testcase classname="document" name=" ›› /components/address-input/examples/address-input-editable"/>
    <testcase classname="document" name=" ›› /components/address-input/examples/address-input-editable"/>
    <testcase classname="document" name=" ›› /components/address-input/examples/address-input-manual"/>
    <testcase classname="document" name=" ›› /components/address-input/examples/address-input-manual"/>
    <testcase classname="document" name=" ›› /components/address-input/examples/address-input-manual"/>
    <testcase classname="document" name=" ›› /components/address-input/examples/address-input"/>
    <testcase classname="document" name=" ›› /components/address-input/examples/address-input"/>
    <testcase classname="document" name=" ›› /components/address-input/examples/address-input"/>
    <testcase classname="document" name=" ›› /components/autosuggest/examples/autosuggest-country-multiple"/>
    <testcase classname="document" name=" ›› /components/autosuggest/examples/autosuggest-country-multiple"/>
    <testcase classname="document" name=" ›› /components/autosuggest/examples/autosuggest-country-multiple"/>
    <testcase classname="document" name=" ›› /components/autosuggest/examples/autosuggest-country"/>
    <testcase classname="document" name=" ›› /components/autosuggest/examples/autosuggest-country"/>
    <testcase classname="document" name=" ›› /components/autosuggest/examples/autosuggest-country"/>
    <testcase classname="document" name=" ›› /components/back-link/examples/back-link"/>
    <testcase classname="document" name=" ›› /components/back-link/examples/back-link"/>
    <testcase classname="document" name=" ›› /components/back-link/examples/back-link"/>
    <testcase classname="document" name=" ›› /components/breadcrumbs/examples/breadcrumbs-single"/>
    <testcase classname="document" name=" ›› /components/breadcrumbs/examples/breadcrumbs-single"/>
    <testcase classname="document" name=" ›› /components/breadcrumbs/examples/breadcrumbs-single"/>
    <testcase classname="document" name=" ›› /components/breadcrumbs/examples/breadcrumbs"/>
    <testcase classname="document" name=" ›› /components/breadcrumbs/examples/breadcrumbs"/>
    <testcase classname="document" name=" ›› /components/breadcrumbs/examples/breadcrumbs"/>
    <testcase classname="document" name=" ›› /components/button/examples/button-custom"/>
    <testcase classname="document" name=" ›› /components/button/examples/button-custom"/>
    <testcase classname="document" name=" ›› /components/button/examples/button-custom"/>
    <testcase classname="document" name=" ›› /components/button/examples/button-disabled"/>
    <testcase classname="document" name=" ›› /components/button/examples/button-disabled"/>
    <testcase classname="document" name=" ›› /components/button/examples/button-disabled"/>
    <testcase classname="document" name=" ›› /components/button/examples/button-download"/>
    <testcase classname="document" name=" ›› /components/button/examples/button-download"/>
    <testcase classname="document" name=" ›› /components/button/examples/button-download"/>
    <testcase classname="document" name=" ›› /components/button/examples/button-ghost"/>
    <testcase classname="document" name=" ›› /components/button/examples/button-ghost"/>
    <testcase classname="document" name=" ›› /components/button/examples/button-ghost"/>
    <testcase classname="document" name=" ›› /components/button/examples/button-group"/>
    <testcase classname="document" name=" ›› /components/button/examples/button-group"/>
    <testcase classname="document" name=" ›› /components/button/examples/button-group"/>
    <testcase classname="document" name=" ›› /components/button/examples/button-link-new-window"/>
    <testcase classname="document" name=" ›› /components/button/examples/button-link-new-window"/>
    <testcase classname="document" name=" ›› /components/button/examples/button-link-new-window"/>
    <testcase classname="document" name=" ›› /components/button/examples/button-link"/>
    <testcase classname="document" name=" ›› /components/button/examples/button-link"/>
    <testcase classname="document" name=" ›› /components/button/examples/button-link"/>
    <testcase classname="document" name=" ›› /components/button/examples/button-loader"/>
    <testcase classname="document" name=" ›› /components/button/examples/button-loader"/>
    <testcase classname="document" name=" ›› /components/button/examples/button-loader"/>
    <testcase classname="document" name=" ›› /components/button/examples/button-print"/>
    <testcase classname="document" name=" ›› /components/button/examples/button-print"/>
    <testcase classname="document" name=" ›› /components/button/examples/button-print"/>
    <testcase classname="document" name=" ›› /components/button/examples/button-secondary-small"/>
    <testcase classname="document" name=" ›› /components/button/examples/button-secondary-small"/>
    <testcase classname="document" name=" ›› /components/button/examples/button-secondary-small"/>
    <testcase classname="document" name=" ›› /components/button/examples/button-secondary"/>
    <testcase classname="document" name=" ›› /components/button/examples/button-secondary"/>
    <testcase classname="document" name=" ›› /components/button/examples/button-secondary"/>
    <testcase classname="document" name=" ›› /components/button/examples/button-small"/>
    <testcase classname="document" name=" ›› /components/button/examples/button-small"/>
    <testcase classname="document" name=" ›› /components/button/examples/button-small"/>
    <testcase classname="document" name=" ›› /components/button/examples/button-timer"/>
    <testcase classname="document" name=" ›› /components/button/examples/button-timer"/>
    <testcase classname="document" name=" ›› /components/button/examples/button-timer"/>
    <testcase classname="document" name=" ›› /components/button/examples/button"/>
    <testcase classname="document" name=" ›› /components/button/examples/button"/>
    <testcase classname="document" name=" ›› /components/button/examples/button"/>
    <testcase classname="document" name=" ›› /components/call-to-action/examples/call-to-action-default"/>
    <testcase classname="document" name=" ›› /components/call-to-action/examples/call-to-action-default"/>
    <testcase classname="document" name=" ›› /components/call-to-action/examples/call-to-action-default"/>
    <testcase classname="document" name=" ›› /components/card/examples/card-set-with-images"/>
    <testcase classname="document" name=" ›› /components/card/examples/card-set-with-images"/>
    <testcase classname="document" name=" ›› /components/card/examples/card-set-with-images"/>
    <testcase classname="document" name=" ›› /components/card/examples/card-set-with-lists"/>
    <testcase classname="document" name=" ›› /components/card/examples/card-set-with-lists"/>
    <testcase classname="document" name=" ›› /components/card/examples/card-set-with-lists"/>
    <testcase classname="document" name=" ›› /components/card/examples/card-set"/>
    <testcase classname="document" name=" ›› /components/card/examples/card-set"/>
    <testcase classname="document" name=" ›› /components/card/examples/card-set"/>
    <testcase classname="document" name=" ›› /components/card/examples/card"/>
    <testcase classname="document" name=" ›› /components/card/examples/card"/>
    <testcase classname="document" name=" ›› /components/card/examples/card"/>
    <testcase classname="document" name=" ›› /components/checkboxes/examples/checkboxes-disabled"/>
    <testcase classname="document" name=" ›› /components/checkboxes/examples/checkboxes-disabled"/>
    <testcase classname="document" name=" ›› /components/checkboxes/examples/checkboxes-disabled"/>
    <testcase classname="document" name=" ›› /components/checkboxes/examples/checkboxes-error"/>
    <testcase classname="document" name=" ›› /components/checkboxes/examples/checkboxes-error"/>
    <testcase classname="document" name=" ›› /components/checkboxes/examples/checkboxes-error"/>
    <testcase classname="document" name=" ›› /components/checkboxes/examples/checkboxes-with-descriptions"/>
    <testcase classname="document" name=" ›› /components/checkboxes/examples/checkboxes-with-descriptions"/>
    <testcase classname="document" name=" ›› /components/checkboxes/examples/checkboxes-with-descriptions"/>
    <testcase classname="document" name=" ›› /components/checkboxes/examples/checkboxes-with-hidden-label"/>
    <testcase classname="document" name=" ›› /components/checkboxes/examples/checkboxes-with-hidden-label"/>
    <testcase classname="document" name=" ›› /components/checkboxes/examples/checkboxes-with-hidden-label"/>
    <testcase classname="document" name=" ›› /components/checkboxes/examples/checkboxes-with-revealed-checkboxes"/>
    <testcase classname="document" name=" ›› /components/checkboxes/examples/checkboxes-with-revealed-checkboxes"/>
    <testcase classname="document" name=" ›› /components/checkboxes/examples/checkboxes-with-revealed-checkboxes"/>
    <testcase classname="document" name=" ›› /components/checkboxes/examples/checkboxes-with-revealed-radios"/>
    <testcase classname="document" name=" ›› /components/checkboxes/examples/checkboxes-with-revealed-radios"/>
    <testcase classname="document" name=" ›› /components/checkboxes/examples/checkboxes-with-revealed-radios"/>
    <testcase classname="document" name=" ›› /components/checkboxes/examples/checkboxes-with-revealed-select"/>
    <testcase classname="document" name=" ›› /components/checkboxes/examples/checkboxes-with-revealed-select"/>
    <testcase classname="document" name=" ›› /components/checkboxes/examples/checkboxes-with-revealed-select"/>
    <testcase classname="document" name=" ›› /components/checkboxes/examples/checkboxes-with-revealed-text-input"/>
    <testcase classname="document" name=" ›› /components/checkboxes/examples/checkboxes-with-revealed-text-input"/>
    <testcase classname="document" name=" ›› /components/checkboxes/examples/checkboxes-with-revealed-text-input"/>
    <testcase classname="document" name=" ›› /components/checkboxes/examples/checkboxes-with-select-all-button"/>
    <testcase classname="document" name=" ›› /components/checkboxes/examples/checkboxes-with-select-all-button"/>
    <testcase classname="document" name=" ›› /components/checkboxes/examples/checkboxes-with-select-all-button"/>
    <testcase classname="document" name=" ›› /components/checkboxes/examples/checkboxes-with-visible-text-input"/>
    <testcase classname="document" name=" ›› /components/checkboxes/examples/checkboxes-with-visible-text-input"/>
    <testcase classname="document" name=" ›› /components/checkboxes/examples/checkboxes-with-visible-text-input"/>
    <testcase classname="document" name=" ›› /components/checkboxes/examples/checkboxes-without-border"/>
    <testcase classname="document" name=" ›› /components/checkboxes/examples/checkboxes-without-border"/>
    <testcase classname="document" name=" ›› /components/checkboxes/examples/checkboxes-without-border"/>
    <testcase classname="document" name=" ›› /components/checkboxes/examples/checkboxes"/>
    <testcase classname="document" name=" ›› /components/checkboxes/examples/checkboxes"/>
    <testcase classname="document" name=" ›› /components/checkboxes/examples/checkboxes"/>
    <testcase classname="document" name=" ›› /components/content-pagination/examples/pagination-content-pager"/>
    <testcase classname="document" name=" ›› /components/content-pagination/examples/pagination-content-pager"/>
    <testcase classname="document" name=" ›› /components/content-pagination/examples/pagination-content-pager"/>
    <testcase classname="document" name=" ›› /components/cookies-banner/examples/cookies-banner-cymraeg"/>
    <testcase classname="document" name=" ›› /components/cookies-banner/examples/cookies-banner-cymraeg"/>
    <testcase classname="document" name=" ›› /components/cookies-banner/examples/cookies-banner-cymraeg"/>
    <testcase classname="document" name=" ›› /components/cookies-banner/examples/cookies-banner"/>
    <testcase classname="document" name=" ›› /components/cookies-banner/examples/cookies-banner"/>
    <testcase classname="document" name=" ›› /components/cookies-banner/examples/cookies-banner"/>
    <testcase classname="document" name=" ›› /components/date-input/examples/date-input-error"/>
    <testcase classname="document" name=" ›› /components/date-input/examples/date-input-error"/>
    <testcase classname="document" name=" ›› /components/date-input/examples/date-input-error"/>
    <testcase classname="document" name=" ›› /components/date-input/examples/date-input"/>
    <testcase classname="document" name=" ›› /components/date-input/examples/date-input"/>
    <testcase classname="document" name=" ›› /components/date-input/examples/date-input"/>
    <testcase classname="document" name=" ›› /components/details/examples/details-with-saved-state"/>
    <testcase classname="document" name=" ›› /components/details/examples/details-with-saved-state"/>
    <testcase classname="document" name=" ›› /components/details/examples/details-with-saved-state"/>
    <testcase classname="document" name=" ›› /components/details/examples/details-with-warning"/>
    <testcase classname="document" name=" ›› /components/details/examples/details-with-warning"/>
    <testcase classname="document" name=" ›› /components/details/examples/details-with-warning"/>
    <testcase classname="document" name=" ›› /components/details/examples/details"/>
    <testcase classname="document" name=" ›› /components/details/examples/details"/>
    <testcase classname="document" name=" ›› /components/details/examples/details"/>
    <testcase classname="document" name=" ›› /components/document-list/examples/document-list-article-featured"/>
    <testcase classname="document" name=" ›› /components/document-list/examples/document-list-article-featured"/>
    <testcase classname="document" name=" ›› /components/document-list/examples/document-list-article-featured"/>
    <testcase classname="document" name=" ›› /components/document-list/examples/document-list-articles"/>
    <testcase classname="document" name=" ›› /components/document-list/examples/document-list-articles"/>
    <testcase classname="document" name=" ›› /components/document-list/examples/document-list-articles"/>
    <testcase classname="document" name=" ›› /components/document-list/examples/document-list-downloads"/>
    <testcase classname="document" name=" ›› /components/document-list/examples/document-list-downloads"/>
    <testcase classname="document" name=" ›› /components/document-list/examples/document-list-downloads"/>
    <testcase classname="document" name=" ›› /components/document-list/examples/document-list-search-result-featured"/>
    <testcase classname="document" name=" ›› /components/document-list/examples/document-list-search-result-featured"/>
    <testcase classname="document" name=" ›› /components/document-list/examples/document-list-search-result-featured"/>
    <testcase classname="document" name=" ›› /components/document-list/examples/document-list-search-results"/>
    <testcase classname="document" name=" ›› /components/document-list/examples/document-list-search-results"/>
    <testcase classname="document" name=" ›› /components/document-list/examples/document-list-search-results"/>
    <testcase classname="document" name=" ›› /components/duration/examples/duration-error-for-single-field"/>
    <testcase classname="document" name=" ›› /components/duration/examples/duration-error-for-single-field"/>
    <testcase classname="document" name=" ›› /components/duration/examples/duration-error-for-single-field"/>
    <testcase classname="document" name=" ›› /components/duration/examples/duration-error"/>
    <testcase classname="document" name=" ›› /components/duration/examples/duration-error"/>
    <testcase classname="document" name=" ›› /components/duration/examples/duration-error"/>
    <testcase classname="document" name=" ›› /components/duration/examples/duration"/>
    <testcase classname="document" name=" ›› /components/duration/examples/duration"/>
    <testcase classname="document" name=" ›› /components/duration/examples/duration"/>
    <testcase classname="document" name=" ›› /components/external-link/examples/external-link"/>
    <testcase classname="document" name=" ›› /components/external-link/examples/external-link"/>
    <testcase classname="document" name=" ›› /components/external-link/examples/external-link"/>
    <testcase classname="document" name=" ›› /components/feedback/examples/feedback-call-to-action"/>
    <testcase classname="document" name=" ›› /components/feedback/examples/feedback-call-to-action"/>
    <testcase classname="document" name=" ›› /components/feedback/examples/feedback-call-to-action"/>
    <testcase classname="document" name=" ›› /components/footer/examples/footer-cymraeg"/>
    <testcase classname="document" name=" ›› /components/footer/examples/footer-cymraeg"/>
    <testcase classname="document" name=" ›› /components/footer/examples/footer-cymraeg"/>
    <testcase classname="document" name=" ›› /components/footer/examples/footer-default"/>
    <testcase classname="document" name=" ›› /components/footer/examples/footer-default"/>
    <testcase classname="document" name=" ›› /components/footer/examples/footer-default"/>
    <testcase classname="document" name=" ›› /components/footer/examples/footer-transactional"/>
    <testcase classname="document" name=" ›› /components/footer/examples/footer-transactional"/>
    <testcase classname="document" name=" ›› /components/footer/examples/footer-transactional"/>
    <testcase classname="document" name=" ›› /components/footer/examples/footer-warning"/>
    <testcase classname="document" name=" ›› /components/footer/examples/footer-warning"/>
    <testcase classname="document" name=" ›› /components/footer/examples/footer-warning"/>
    <testcase classname="document" name=" ›› /components/footer/examples/footer-with-alternative-organisation"/>
    <testcase classname="document" name=" ›› /components/footer/examples/footer-with-alternative-organisation"/>
    <testcase classname="document" name=" ›› /components/footer/examples/footer-with-alternative-organisation"/>
    <testcase classname="document" name=" ›› /components/footer/examples/footer-with-coat-of-arms"/>
    <testcase classname="document" name=" ›› /components/footer/examples/footer-with-coat-of-arms"/>
    <testcase classname="document" name=" ›› /components/footer/examples/footer-with-coat-of-arms"/>
    <testcase classname="document" name=" ›› /components/footer/examples/footer-with-copyright"/>
    <testcase classname="document" name=" ›› /components/footer/examples/footer-with-copyright"/>
    <testcase classname="document" name=" ›› /components/footer/examples/footer-with-copyright"/>
    <testcase classname="document" name=" ›› /components/footer/examples/footer"/>
    <testcase classname="document" name=" ›› /components/footer/examples/footer"/>
    <testcase classname="document" name=" ›› /components/footer/examples/footer"/>
    <testcase classname="document" name=" ›› /components/header/examples/header-default"/>
    <testcase classname="document" name=" ›› /components/header/examples/header-default"/>
    <testcase classname="document" name=" ›› /components/header/examples/header-default"/>
    <testcase classname="document" name=" ›› /components/header/examples/header-external-for-survey-with-description"/>
    <testcase classname="document" name=" ›› /components/header/examples/header-external-for-survey-with-description"/>
    <testcase classname="document" name=" ›› /components/header/examples/header-external-for-survey-with-description"/>
    <testcase classname="document" name=" ›› /components/header/examples/header-external-for-surveys"/>
    <testcase classname="document" name=" ›› /components/header/examples/header-external-for-surveys"/>
    <testcase classname="document" name=" ›› /components/header/examples/header-external-for-surveys"/>
    <testcase classname="document" name=" ›› /components/header/examples/header-external-welsh"/>
    <testcase classname="document" name=" ›› /components/header/examples/header-external-welsh"/>
    <testcase classname="document" name=" ›› /components/header/examples/header-external-welsh"/>
    <testcase classname="document" name=" ›› /components/header/examples/header-external-with-navigation"/>
    <testcase classname="document" name=" ›› /components/header/examples/header-external-with-navigation"/>
    <testcase classname="document" name=" ›› /components/header/examples/header-external-with-navigation"/>
    <testcase classname="document" name=" ›› /components/header/examples/header-external-with-service-links"/>
    <testcase classname="document" name=" ›› /components/header/examples/header-external-with-service-links"/>
    <testcase classname="document" name=" ›› /components/header/examples/header-external-with-service-links"/>
    <testcase classname="document" name=" ›› /components/header/examples/header-external-with-sub-navigation"/>
    <testcase classname="document" name=" ›› /components/header/examples/header-external-with-sub-navigation"/>
    <testcase classname="document" name=" ›› /components/header/examples/header-external-with-sub-navigation"/>
    <testcase classname="document" name=" ›› /components/header/examples/header-internal"/>
    <testcase classname="document" name=" ›› /components/header/examples/header-internal"/>
    <testcase classname="document" name=" ›› /components/header/examples/header-internal"/>
    <testcase classname="document" name=" ›› /components/header/examples/header-neutral-for-multicoloured-logo"/>
    <testcase classname="document" name=" ›› /components/header/examples/header-neutral-for-multicoloured-logo"/>
    <testcase classname="document" name=" ›› /components/header/examples/header-neutral-for-multicoloured-logo"/>
    <testcase classname="document" name=" ›› /components/hero/examples/hero-dark"/>
    <testcase classname="document" name=" ›› /components/hero/examples/hero-dark"/>
    <testcase classname="document" name=" ›› /components/hero/examples/hero-dark"/>
    <testcase classname="document" name=" ›› /components/hero/examples/hero-default"/>
    <testcase classname="document" name=" ›› /components/hero/examples/hero-default"/>
    <testcase classname="document" name=" ›› /components/hero/examples/hero-default"/>
    <testcase classname="document" name=" ›› /components/images/examples/images-for-regular-screens"/>
    <testcase classname="document" name=" ›› /components/images/examples/images-for-regular-screens"/>
    <testcase classname="document" name=" ›› /components/images/examples/images-for-regular-screens"/>
    <testcase classname="document" name=" ›› /components/images/examples/images-for-retina-screens"/>
    <testcase classname="document" name=" ›› /components/images/examples/images-for-retina-screens"/>
    <testcase classname="document" name=" ›› /components/images/examples/images-for-retina-screens"/>
    <testcase classname="document" name=" ›› /components/input/examples/input-email"/>
    <testcase classname="document" name=" ›› /components/input/examples/input-email"/>
    <testcase classname="document" name=" ›› /components/input/examples/input-email"/>
    <testcase classname="document" name=" ›› /components/input/examples/input-number-prefixed"/>
    <testcase classname="document" name=" ›› /components/input/examples/input-number-prefixed"/>
    <testcase classname="document" name=" ›› /components/input/examples/input-number-prefixed"/>
    <testcase classname="document" name=" ›› /components/input/examples/input-number-suffixed"/>
    <testcase classname="document" name=" ›› /components/input/examples/input-number-suffixed"/>
    <testcase classname="document" name=" ›› /components/input/examples/input-number-suffixed"/>
    <testcase classname="document" name=" ›› /components/input/examples/input-number"/>
    <testcase classname="document" name=" ›› /components/input/examples/input-number"/>
    <testcase classname="document" name=" ›› /components/input/examples/input-number"/>
    <testcase classname="document" name=" ›› /components/input/examples/input-numeric-values"/>
    <testcase classname="document" name=" ›› /components/input/examples/input-numeric-values"/>
    <testcase classname="document" name=" ›› /components/input/examples/input-numeric-values"/>
    <testcase classname="document" name=" ›› /components/input/examples/input-telephone"/>
    <testcase classname="document" name=" ›› /components/input/examples/input-telephone"/>
    <testcase classname="document" name=" ›› /components/input/examples/input-telephone"/>
    <testcase classname="document" name=" ›› /components/input/examples/input-text-width-constrained"/>
    <testcase classname="document" name=" ›› /components/input/examples/input-text-width-constrained"/>
    <testcase classname="document" name=" ›› /components/input/examples/input-text-width-constrained"/>
    <testcase classname="document" name=" ›› /components/input/examples/input-text-with-character-limit-checker"/>
    <testcase classname="document" name=" ›› /components/input/examples/input-text-with-character-limit-checker"/>
    <testcase classname="document" name=" ›› /components/input/examples/input-text-with-character-limit-checker"/>
    <testcase classname="document" name=" ›› /components/input/examples/input-text-with-description"/>
    <testcase classname="document" name=" ›› /components/input/examples/input-text-with-description"/>
    <testcase classname="document" name=" ›› /components/input/examples/input-text-with-description"/>
    <testcase classname="document" name=" ›› /components/input/examples/input-text"/>
    <testcase classname="document" name=" ›› /components/input/examples/input-text"/>
    <testcase classname="document" name=" ›› /components/input/examples/input-text"/>
    <testcase classname="document" name=" ›› /components/label/examples/label-with-description"/>
    <testcase classname="document" name=" ›› /components/label/examples/label-with-description"/>
    <testcase classname="document" name=" ›› /components/label/examples/label-with-description"/>
    <testcase classname="document" name=" ›› /components/label/examples/label"/>
    <testcase classname="document" name=" ›› /components/label/examples/label"/>
    <testcase classname="document" name=" ›› /components/label/examples/label"/>
    <testcase classname="document" name=" ›› /components/metadata/examples/metadata"/>
    <testcase classname="document" name=" ›› /components/metadata/examples/metadata"/>
    <testcase classname="document" name=" ›› /components/metadata/examples/metadata"/>
    <testcase classname="document" name=" ›› /components/mutually-exclusive/examples/mutually-exclusive-checkboxes"/>
    <testcase classname="document" name=" ›› /components/mutually-exclusive/examples/mutually-exclusive-checkboxes"/>
    <testcase classname="document" name=" ›› /components/mutually-exclusive/examples/mutually-exclusive-checkboxes"/>
    <testcase classname="document" name=" ›› /components/mutually-exclusive/examples/mutually-exclusive-date-with-error"/>
    <testcase classname="document" name=" ›› /components/mutually-exclusive/examples/mutually-exclusive-date-with-error"/>
    <testcase classname="document" name=" ›› /components/mutually-exclusive/examples/mutually-exclusive-date-with-error"/>
    <testcase classname="document" name=" ›› /components/mutually-exclusive/examples/mutually-exclusive-date"/>
    <testcase classname="document" name=" ›› /components/mutually-exclusive/examples/mutually-exclusive-date"/>
    <testcase classname="document" name=" ›› /components/mutually-exclusive/examples/mutually-exclusive-date"/>
    <testcase classname="document" name=" ›› /components/mutually-exclusive/examples/mutually-exclusive-duration"/>
    <testcase classname="document" name=" ›› /components/mutually-exclusive/examples/mutually-exclusive-duration"/>
    <testcase classname="document" name=" ›› /components/mutually-exclusive/examples/mutually-exclusive-duration"/>
    <testcase classname="document" name=" ›› /components/mutually-exclusive/examples/mutually-exclusive-email"/>
    <testcase classname="document" name=" ›› /components/mutually-exclusive/examples/mutually-exclusive-email"/>
    <testcase classname="document" name=" ›› /components/mutually-exclusive/examples/mutually-exclusive-email"/>
    <testcase classname="document" name=" ›› /components/mutually-exclusive/examples/mutually-exclusive-multiple-options"/>
    <testcase classname="document" name=" ›› /components/mutually-exclusive/examples/mutually-exclusive-multiple-options"/>
    <testcase classname="document" name=" ›› /components/mutually-exclusive/examples/mutually-exclusive-multiple-options"/>
    <testcase classname="document" name=" ›› /components/mutually-exclusive/examples/mutually-exclusive-number"/>
    <testcase classname="document" name=" ›› /components/mutually-exclusive/examples/mutually-exclusive-number"/>
    <testcase classname="document" name=" ›› /components/mutually-exclusive/examples/mutually-exclusive-number"/>
    <testcase classname="document" name=" ›› /components/mutually-exclusive/examples/mutually-exclusive-textarea"/>
    <testcase classname="document" name=" ›› /components/mutually-exclusive/examples/mutually-exclusive-textarea"/>
    <testcase classname="document" name=" ›› /components/mutually-exclusive/examples/mutually-exclusive-textarea"/>
    <testcase classname="document" name=" ›› /components/pagination/examples/pagination-first"/>
    <testcase classname="document" name=" ›› /components/pagination/examples/pagination-first"/>
    <testcase classname="document" name=" ›› /components/pagination/examples/pagination-first"/>
    <testcase classname="document" name=" ›› /components/pagination/examples/pagination-last"/>
    <testcase classname="document" name=" ›› /components/pagination/examples/pagination-last"/>
    <testcase classname="document" name=" ›› /components/pagination/examples/pagination-last"/>
    <testcase classname="document" name=" ›› /components/pagination/examples/pagination-with-no-range-indicator"/>
    <testcase classname="document" name=" ›› /components/pagination/examples/pagination-with-no-range-indicator"/>
    <testcase classname="document" name=" ›› /components/pagination/examples/pagination-with-no-range-indicator"/>
    <testcase classname="document" name=" ›› /components/pagination/examples/pagination"/>
    <testcase classname="document" name=" ›› /components/pagination/examples/pagination"/>
    <testcase classname="document" name=" ›› /components/pagination/examples/pagination"/>
    <testcase classname="document" name=" ›› /components/panel/examples/panel-bare"/>
    <testcase classname="document" name=" ›› /components/panel/examples/panel-bare"/>
    <testcase classname="document" name=" ›› /components/panel/examples/panel-bare"/>
    <testcase classname="document" name=" ›› /components/panel/examples/panel-with-announcement"/>
    <testcase classname="document" name=" ›› /components/panel/examples/panel-with-announcement"/>
    <testcase classname="document" name=" ›› /components/panel/examples/panel-with-announcement"/>
    <testcase classname="document" name=" ›› /components/panel/examples/panel-with-error-details"/>
    <testcase classname="document" name=" ›› /components/panel/examples/panel-with-error-details"/>
    <testcase classname="document" name=" ›› /components/panel/examples/panel-with-error-details"/>
    <testcase classname="document" name=" ›› /components/panel/examples/panel-with-error-summary"/>
    <testcase classname="document" name=" ›› /components/panel/examples/panel-with-error-summary"/>
    <testcase classname="document" name=" ›› /components/panel/examples/panel-with-error-summary"/>
    <testcase classname="document" name=" ›› /components/panel/examples/panel-with-information"/>
    <testcase classname="document" name=" ›› /components/panel/examples/panel-with-information"/>
    <testcase classname="document" name=" ›› /components/panel/examples/panel-with-information"/>
    <testcase classname="document" name=" ›› /components/panel/examples/panel-with-spacious-information"/>
    <testcase classname="document" name=" ›› /components/panel/examples/panel-with-spacious-information"/>
    <testcase classname="document" name=" ›› /components/panel/examples/panel-with-spacious-information"/>
    <testcase classname="document" name=" ›› /components/panel/examples/panel-with-success-message"/>
    <testcase classname="document" name=" ›› /components/panel/examples/panel-with-success-message"/>
    <testcase classname="document" name=" ›› /components/panel/examples/panel-with-success-message"/>
    <testcase classname="document" name=" ›› /components/panel/examples/panel-with-warning"/>
    <testcase classname="document" name=" ›› /components/panel/examples/panel-with-warning"/>
    <testcase classname="document" name=" ›› /components/panel/examples/panel-with-warning"/>
    <testcase classname="document" name=" ›› /components/password/examples/password"/>
    <testcase classname="document" name=" ›› /components/password/examples/password"/>
    <testcase classname="document" name=" ›› /components/password/examples/password"/>
    <testcase classname="document" name=" ›› /components/phase-banner/examples/phase-banner-alpha"/>
    <testcase classname="document" name=" ›› /components/phase-banner/examples/phase-banner-alpha"/>
    <testcase classname="document" name=" ›› /components/phase-banner/examples/phase-banner-alpha"/>
    <testcase classname="document" name=" ›› /components/phase-banner/examples/phase-banner-beta"/>
    <testcase classname="document" name=" ›› /components/phase-banner/examples/phase-banner-beta"/>
    <testcase classname="document" name=" ›› /components/phase-banner/examples/phase-banner-beta"/>
    <testcase classname="document" name=" ›› /components/question/examples/question-ccs"/>
    <testcase classname="document" name=" ›› /components/question/examples/question-ccs"/>
    <testcase classname="document" name=" ›› /components/question/examples/question-ccs"/>
    <testcase classname="document" name=" ›› /components/question/examples/question-fieldset"/>
    <testcase classname="document" name=" ›› /components/question/examples/question-fieldset"/>
    <testcase classname="document" name=" ›› /components/question/examples/question-fieldset"/>
    <testcase classname="document" name=" ›› /components/question/examples/question-interviewer-note"/>
    <testcase classname="document" name=" ›› /components/question/examples/question-interviewer-note"/>
    <testcase classname="document" name=" ›› /components/question/examples/question-interviewer-note"/>
    <testcase classname="document" name=" ›› /components/question/examples/question-no-fieldset"/>
    <testcase classname="document" name=" ›› /components/question/examples/question-no-fieldset"/>
    <testcase classname="document" name=" ›› /components/question/examples/question-no-fieldset"/>
    <testcase classname="document" name=" ›› /components/radios/examples/radios-with-clear-button"/>
    <testcase classname="document" name=" ›› /components/radios/examples/radios-with-clear-button"/>
    <testcase classname="document" name=" ›› /components/radios/examples/radios-with-clear-button"/>
    <testcase classname="document" name=" ›› /components/radios/examples/radios-with-descriptions"/>
    <testcase classname="document" name=" ›› /components/radios/examples/radios-with-descriptions"/>
    <testcase classname="document" name=" ›› /components/radios/examples/radios-with-descriptions"/>
    <testcase classname="document" name=" ›› /components/radios/examples/radios-with-error"/>
    <testcase classname="document" name=" ›› /components/radios/examples/radios-with-error"/>
    <testcase classname="document" name=" ›› /components/radios/examples/radios-with-error"/>
    <testcase classname="document" name=" ›› /components/radios/examples/radios-with-revealed-checkboxes"/>
    <testcase classname="document" name=" ›› /components/radios/examples/radios-with-revealed-checkboxes"/>
    <testcase classname="document" name=" ›› /components/radios/examples/radios-with-revealed-checkboxes"/>
    <testcase classname="document" name=" ›› /components/radios/examples/radios-with-revealed-radios"/>
    <testcase classname="document" name=" ›› /components/radios/examples/radios-with-revealed-radios"/>
    <testcase classname="document" name=" ›› /components/radios/examples/radios-with-revealed-radios"/>
    <testcase classname="document" name=" ›› /components/radios/examples/radios-with-revealed-select"/>
    <testcase classname="document" name=" ›› /components/radios/examples/radios-with-revealed-select"/>
    <testcase classname="document" name=" ›› /components/radios/examples/radios-with-revealed-select"/>
    <testcase classname="document" name=" ›› /components/radios/examples/radios-with-revealed-text-input"/>
    <testcase classname="document" name=" ›› /components/radios/examples/radios-with-revealed-text-input"/>
    <testcase classname="document" name=" ›› /components/radios/examples/radios-with-revealed-text-input"/>
    <testcase classname="document" name=" ›› /components/radios/examples/radios-with-separator"/>
    <testcase classname="document" name=" ›› /components/radios/examples/radios-with-separator"/>
    <testcase classname="document" name=" ›› /components/radios/examples/radios-with-separator"/>
    <testcase classname="document" name=" ›› /components/radios/examples/radios-with-visible-text-input"/>
    <testcase classname="document" name=" ›› /components/radios/examples/radios-with-visible-text-input"/>
    <testcase classname="document" name=" ›› /components/radios/examples/radios-with-visible-text-input"/>
    <testcase classname="document" name=" ›› /components/radios/examples/radios-without-border"/>
    <testcase classname="document" name=" ›› /components/radios/examples/radios-without-border"/>
    <testcase classname="document" name=" ›› /components/radios/examples/radios-without-border"/>
    <testcase classname="document" name=" ›› /components/radios/examples/radios"/>
    <testcase classname="document" name=" ›› /components/radios/examples/radios"/>
    <testcase classname="document" name=" ›› /components/radios/examples/radios"/>
    <testcase classname="document" name=" ›› /components/related-content/examples/related-content-general"/>
    <testcase classname="document" name=" ›› /components/related-content/examples/related-content-general"/>
    <testcase classname="document" name=" ›› /components/related-content/examples/related-content-general"/>
    <testcase classname="document" name=" ›› /components/related-content/examples/related-content-multiple-rows-of-links"/>
    <testcase classname="document" name=" ›› /components/related-content/examples/related-content-multiple-rows-of-links"/>
    <testcase classname="document" name=" ›› /components/related-content/examples/related-content-multiple-rows-of-links"/>
    <testcase classname="document" name=" ›› /components/related-content/examples/related-content-social-media"/>
    <testcase classname="document" name=" ›› /components/related-content/examples/related-content-social-media"/>
    <testcase classname="document" name=" ›› /components/related-content/examples/related-content-social-media"/>
    <testcase classname="document" name=" ›› /components/relationships/examples/relationships-error"/>
    <testcase classname="document" name=" ›› /components/relationships/examples/relationships-error"/>
    <testcase classname="document" name=" ›› /components/relationships/examples/relationships-error"/>
    <testcase classname="document" name=" ›› /components/relationships/examples/relationships-you"/>
    <testcase classname="document" name=" ›› /components/relationships/examples/relationships-you"/>
    <testcase classname="document" name=" ›› /components/relationships/examples/relationships-you"/>
    <testcase classname="document" name=" ›› /components/relationships/examples/relationships"/>
    <testcase classname="document" name=" ›› /components/relationships/examples/relationships"/>
    <testcase classname="document" name=" ›› /components/relationships/examples/relationships"/>
    <testcase classname="document" name=" ›› /components/search/examples/search-with-character-check"/>
    <testcase classname="document" name=" ›› /components/search/examples/search-with-character-check"/>
    <testcase classname="document" name=" ›› /components/search/examples/search-with-character-check"/>
    <testcase classname="document" name=" ›› /components/search/examples/search-with-placeholder"/>
    <testcase classname="document" name=" ›› /components/search/examples/search-with-placeholder"/>
    <testcase classname="document" name=" ›› /components/search/examples/search-with-placeholder"/>
    <testcase classname="document" name=" ›› /components/search/examples/search"/>
    <testcase classname="document" name=" ›› /components/search/examples/search"/>
    <testcase classname="document" name=" ›› /components/search/examples/search"/>
    <testcase classname="document" name=" ›› /components/section-navigation/examples/section-navigation-vertical"/>
    <testcase classname="document" name=" ›› /components/section-navigation/examples/section-navigation-vertical"/>
    <testcase classname="document" name=" ›› /components/section-navigation/examples/section-navigation-vertical"/>
    <testcase classname="document" name=" ›› /components/section-navigation/examples/section-navigation"/>
    <testcase classname="document" name=" ›› /components/section-navigation/examples/section-navigation"/>
    <testcase classname="document" name=" ›› /components/section-navigation/examples/section-navigation"/>
    <testcase classname="document" name=" ›› /components/select/examples/select-wide"/>
    <testcase classname="document" name=" ›› /components/select/examples/select-wide"/>
    <testcase classname="document" name=" ›› /components/select/examples/select-wide"/>
    <testcase classname="document" name=" ›› /components/select/examples/select-with-error"/>
    <testcase classname="document" name=" ›› /components/select/examples/select-with-error"/>
    <testcase classname="document" name=" ›› /components/select/examples/select-with-error"/>
    <testcase classname="document" name=" ›› /components/select/examples/select-with-inline-label"/>
    <testcase classname="document" name=" ›› /components/select/examples/select-with-inline-label"/>
    <testcase classname="document" name=" ›› /components/select/examples/select-with-inline-label"/>
    <testcase classname="document" name=" ›› /components/select/examples/select"/>
    <testcase classname="document" name=" ›› /components/select/examples/select"/>
    <testcase classname="document" name=" ›› /components/select/examples/select"/>
    <testcase classname="document" name=" ›› /components/share-page/examples/share-page"/>
    <testcase classname="document" name=" ›› /components/share-page/examples/share-page"/>
    <testcase classname="document" name=" ›› /components/share-page/examples/share-page"/>
    <testcase classname="document" name=" ›› /components/skip-to-content/examples/skip-to-content"/>
    <testcase classname="document" name=" ›› /components/skip-to-content/examples/skip-to-content"/>
    <testcase classname="document" name=" ›› /components/skip-to-content/examples/skip-to-content"/>
    <testcase classname="document" name=" ›› /components/status/examples/status-dead"/>
    <testcase classname="document" name=" ›› /components/status/examples/status-dead"/>
    <testcase classname="document" name=" ›› /components/status/examples/status-dead"/>
    <testcase classname="document" name=" ›› /components/status/examples/status-error"/>
    <testcase classname="document" name=" ›› /components/status/examples/status-error"/>
    <testcase classname="document" name=" ›› /components/status/examples/status-error"/>
    <testcase classname="document" name=" ›› /components/status/examples/status-neutral-information"/>
    <testcase classname="document" name=" ›› /components/status/examples/status-neutral-information"/>
    <testcase classname="document" name=" ›› /components/status/examples/status-neutral-information"/>
    <testcase classname="document" name=" ›› /components/status/examples/status-pending"/>
    <testcase classname="document" name=" ›› /components/status/examples/status-pending"/>
    <testcase classname="document" name=" ›› /components/status/examples/status-pending"/>
    <testcase classname="document" name=" ›› /components/status/examples/status-small"/>
    <testcase classname="document" name=" ›› /components/status/examples/status-small"/>
    <testcase classname="document" name=" ›› /components/status/examples/status-small"/>
    <testcase classname="document" name=" ›› /components/status/examples/status-success"/>
    <testcase classname="document" name=" ›› /components/status/examples/status-success"/>
    <testcase classname="document" name=" ›› /components/status/examples/status-success"/>
    <testcase classname="document" name=" ›› /components/summary/examples/summary-grouped-total"/>
    <testcase classname="document" name=" ›› /components/summary/examples/summary-grouped-total"/>
    <testcase classname="document" name=" ›› /components/summary/examples/summary-grouped-total"/>
    <testcase classname="document" name=" ›› /components/summary/examples/summary-grouped-with-errors"/>
    <testcase classname="document" name=" ›› /components/summary/examples/summary-grouped-with-errors"/>
    <testcase classname="document" name=" ›› /components/summary/examples/summary-grouped-with-errors"/>
    <testcase classname="document" name=" ›› /components/summary/examples/summary-grouped"/>
    <testcase classname="document" name=" ›› /components/summary/examples/summary-grouped"/>
    <testcase classname="document" name=" ›› /components/summary/examples/summary-grouped"/>
    <testcase classname="document" name=" ›› /components/summary/examples/summary-household-no-rows"/>
    <testcase classname="document" name=" ›› /components/summary/examples/summary-household-no-rows"/>
    <testcase classname="document" name=" ›› /components/summary/examples/summary-household-no-rows"/>
    <testcase classname="document" name=" ›› /components/summary/examples/summary-household"/>
    <testcase classname="document" name=" ›› /components/summary/examples/summary-household"/>
    <testcase classname="document" name=" ›› /components/summary/examples/summary-household"/>
    <testcase classname="document" name=" ›› /components/summary/examples/summary-hub"/>
    <testcase classname="document" name=" ›› /components/summary/examples/summary-hub"/>
    <testcase classname="document" name=" ›› /components/summary/examples/summary-hub"/>
    <testcase classname="document" name=" ›› /components/summary/examples/summary-multiple"/>
    <testcase classname="document" name=" ›› /components/summary/examples/summary-multiple"/>
    <testcase classname="document" name=" ›› /components/summary/examples/summary-multiple"/>
    <testcase classname="document" name=" ›› /components/summary/examples/summary-no-action"/>
    <testcase classname="document" name=" ›› /components/summary/examples/summary-no-action"/>
    <testcase classname="document" name=" ›› /components/summary/examples/summary-no-action"/>
    <testcase classname="document" name=" ›› /components/summary/examples/summary"/>
    <testcase classname="document" name=" ›› /components/summary/examples/summary"/>
    <testcase classname="document" name=" ›› /components/summary/examples/summary"/>
    <testcase classname="document" name=" ›› /components/table/examples/table-basic"/>
    <testcase classname="document" name=" ›› /components/table/examples/table-basic"/>
    <testcase classname="document" name=" ›› /components/table/examples/table-basic"/>
    <testcase classname="document" name=" ›› /components/table/examples/table-compact"/>
    <testcase classname="document" name=" ›› /components/table/examples/table-compact"/>
    <testcase classname="document" name=" ›› /components/table/examples/table-compact"/>
    <testcase classname="document" name=" ›› /components/table/examples/table-footer"/>
    <testcase classname="document" name=" ›› /components/table/examples/table-footer"/>
    <testcase classname="document" name=" ›› /components/table/examples/table-footer"/>
    <testcase classname="document" name=" ›› /components/table/examples/table-numeric"/>
    <testcase classname="document" name=" ›› /components/table/examples/table-numeric"/>
    <testcase classname="document" name=" ›› /components/table/examples/table-numeric"/>
    <testcase classname="document" name=" ›› /components/table/examples/table-responsive"/>
    <testcase classname="document" name=" ›› /components/table/examples/table-responsive"/>
    <testcase classname="document" name=" ›› /components/table/examples/table-responsive"/>
    <testcase classname="document" name=" ›› /components/table/examples/table-scrollable"/>
    <testcase classname="document" name=" ›› /components/table/examples/table-scrollable"/>
    <testcase classname="document" name=" ›› /components/table/examples/table-scrollable"/>
    <testcase classname="document" name=" ›› /components/table/examples/table-sortable"/>
    <testcase classname="document" name=" ›› /components/table/examples/table-sortable"/>
    <testcase classname="document" name=" ›› /components/table/examples/table-sortable"/>
    <testcase classname="document" name=" ›› /components/table-of-contents/examples/table-of-contents-grouped"/>
    <testcase classname="document" name=" ›› /components/table-of-contents/examples/table-of-contents-grouped"/>
    <testcase classname="document" name=" ›› /components/table-of-contents/examples/table-of-contents-grouped"/>
    <testcase classname="document" name=" ›› /components/table-of-contents/examples/table-of-contents-single"/>
    <testcase classname="document" name=" ›› /components/table-of-contents/examples/table-of-contents-single"/>
    <testcase classname="document" name=" ›› /components/table-of-contents/examples/table-of-contents-single"/>
    <testcase classname="document" name=" ›› /components/table-of-contents/examples/table-of-contents-sticky"/>
    <testcase classname="document" name=" ›› /components/table-of-contents/examples/table-of-contents-sticky"/>
    <testcase classname="document" name=" ›› /components/table-of-contents/examples/table-of-contents-sticky"/>
    <testcase classname="document" name=" ›› /components/tabs/examples/tabs-details"/>
    <testcase classname="document" name=" ›› /components/tabs/examples/tabs-details"/>
    <testcase classname="document" name=" ›› /components/tabs/examples/tabs-details"/>
    <testcase classname="document" name=" ›› /components/tabs/examples/tabs"/>
    <testcase classname="document" name=" ›› /components/tabs/examples/tabs"/>
    <testcase classname="document" name=" ›› /components/tabs/examples/tabs"/>
    <testcase classname="document" name=" ›› /components/textarea/examples/textarea-error"/>
    <testcase classname="document" name=" ›› /components/textarea/examples/textarea-error"/>
    <testcase classname="document" name=" ›› /components/textarea/examples/textarea-error"/>
    <testcase classname="document" name=" ›› /components/textarea/examples/textarea-with-character-limit"/>
    <testcase classname="document" name=" ›› /components/textarea/examples/textarea-with-character-limit">
      <failure message="Design deviation ›› /components/textarea/examples/textarea-with-character-limit (document) component"/>
      <error message="Design deviation ›› /components/textarea/examples/textarea-with-character-limit (document) component"/>
    </testcase>
    <testcase classname="document" name=" ›› /components/textarea/examples/textarea-with-character-limit"/>
    <testcase classname="document" name=" ›› /components/textarea/examples/textarea"/>
    <testcase classname="document" name=" ›› /components/textarea/examples/textarea"/>
    <testcase classname="document" name=" ›› /components/textarea/examples/textarea"/>
    <testcase classname="document" name=" ›› /components/timeline/examples/timeline"/>
    <testcase classname="document" name=" ›› /components/timeline/examples/timeline"/>
    <testcase classname="document" name=" ›› /components/timeline/examples/timeline"/>
    <testcase classname="document" name=" ›› /components/timeout-modal/examples/timeout-modal"/>
    <testcase classname="document" name=" ›› /components/timeout-modal/examples/timeout-modal"/>
    <testcase classname="document" name=" ›› /components/timeout-modal/examples/timeout-modal"/>
    <testcase classname="document" name=" ›› /components/timeout-panel/examples/panel-with-timeout-warning"/>
    <testcase classname="document" name=" ›› /components/timeout-panel/examples/panel-with-timeout-warning"/>
    <testcase classname="document" name=" ›› /components/timeout-panel/examples/panel-with-timeout-warning"/>
    <testcase classname="document" name=" ›› /components/upload/examples/upload-error"/>
    <testcase classname="document" name=" ›› /components/upload/examples/upload-error"/>
    <testcase classname="document" name=" ›› /components/upload/examples/upload-error"/>
    <testcase classname="document" name=" ›› /components/upload/examples/upload"/>
    <testcase classname="document" name=" ›› /components/upload/examples/upload"/>
    <testcase classname="document" name=" ›› /components/upload/examples/upload"/>
    <testcase classname="document" name=" ›› /components/video/examples/video"/>
    <testcase classname="document" name=" ›› /components/video/examples/video"/>
    <testcase classname="document" name=" ›› /components/video/examples/video"/>
    <testcase classname="" name=" ›› ./src/patterns/_documentation-template/examples/index.njk"/>
    <testcase classname="" name=" ›› ./src/patterns/_documentation-template/examples/index.njk"/>
    <testcase classname="" name=" ›› ./src/patterns/_documentation-template/examples/index.njk"/>
    <testcase classname="document" name=" ›› /patterns/ask-users-for/addresses/examples/address-input-manual-error"/>
    <testcase classname="document" name=" ›› /patterns/ask-users-for/addresses/examples/address-input-manual-error"/>
    <testcase classname="document" name=" ›› /patterns/ask-users-for/addresses/examples/address-input-manual-error"/>
    <testcase classname="document" name=" ›› /patterns/ask-users-for/addresses/examples/address-input-manual"/>
    <testcase classname="document" name=" ›› /patterns/ask-users-for/addresses/examples/address-input-manual"/>
    <testcase classname="document" name=" ›› /patterns/ask-users-for/addresses/examples/address-input-manual"/>
    <testcase classname="document" name=" ›› /patterns/ask-users-for/addresses/examples/address-input-non-editable-confirm-address"/>
    <testcase classname="document" name=" ›› /patterns/ask-users-for/addresses/examples/address-input-non-editable-confirm-address"/>
    <testcase classname="document" name=" ›› /patterns/ask-users-for/addresses/examples/address-input-non-editable-confirm-address"/>
    <testcase classname="document" name=" ›› /patterns/ask-users-for/addresses/examples/address-input-non-editable-register-address"/>
    <testcase classname="document" name=" ›› /patterns/ask-users-for/addresses/examples/address-input-non-editable-register-address"/>
    <testcase classname="document" name=" ›› /patterns/ask-users-for/addresses/examples/address-input-non-editable-register-address"/>
    <testcase classname="document" name=" ›› /patterns/ask-users-for/addresses/examples/address-input-non-editable"/>
    <testcase classname="document" name=" ›› /patterns/ask-users-for/addresses/examples/address-input-non-editable"/>
    <testcase classname="document" name=" ›› /patterns/ask-users-for/addresses/examples/address-input-non-editable"/>
    <testcase classname="document" name=" ›› /patterns/ask-users-for/addresses/examples/address-input"/>
    <testcase classname="document" name=" ›› /patterns/ask-users-for/addresses/examples/address-input"/>
    <testcase classname="document" name=" ›› /patterns/ask-users-for/addresses/examples/address-input"/>
    <testcase classname="document" name=" ›› /patterns/ask-users-for/email-addresses/examples/input-email-with-error"/>
    <testcase classname="document" name=" ›› /patterns/ask-users-for/email-addresses/examples/input-email-with-error"/>
    <testcase classname="document" name=" ›› /patterns/ask-users-for/email-addresses/examples/input-email-with-error"/>
    <testcase classname="document" name=" ›› /patterns/ask-users-for/feedback/examples/feedback-form-errors"/>
    <testcase classname="document" name=" ›› /patterns/ask-users-for/feedback/examples/feedback-form-errors"/>
    <testcase classname="document" name=" ›› /patterns/ask-users-for/feedback/examples/feedback-form-errors"/>
    <testcase classname="document" name=" ›› /patterns/ask-users-for/feedback/examples/feedback-form"/>
    <testcase classname="document" name=" ›› /patterns/ask-users-for/feedback/examples/feedback-form"/>
    <testcase classname="document" name=" ›› /patterns/ask-users-for/feedback/examples/feedback-form"/>
    <testcase classname="document" name=" ›› /patterns/ask-users-for/feedback/examples/feedback-success"/>
    <testcase classname="document" name=" ›› /patterns/ask-users-for/feedback/examples/feedback-success"/>
    <testcase classname="document" name=" ›› /patterns/ask-users-for/feedback/examples/feedback-success"/>
    <testcase classname="document" name=" ›› /patterns/ask-users-for/numeric-values/examples/input-number-suffixed-with-error"/>
    <testcase classname="document" name=" ›› /patterns/ask-users-for/numeric-values/examples/input-number-suffixed-with-error"/>
    <testcase classname="document" name=" ›› /patterns/ask-users-for/numeric-values/examples/input-number-suffixed-with-error"/>
    <testcase classname="document" name=" ›› /patterns/ask-users-for/phone-numbers/examples/phone-number-error"/>
    <testcase classname="document" name=" ›› /patterns/ask-users-for/phone-numbers/examples/phone-number-error"/>
    <testcase classname="document" name=" ›› /patterns/ask-users-for/phone-numbers/examples/phone-number-error"/>
    <testcase classname="document" name=" ›› /patterns/help-users-to/change-language/examples/cymraeg"/>
    <testcase classname="document" name=" ›› /patterns/help-users-to/change-language/examples/cymraeg"/>
    <testcase classname="document" name=" ›› /patterns/help-users-to/change-language/examples/cymraeg"/>
    <testcase classname="document" name=" ›› /patterns/help-users-to/change-language/examples/english"/>
    <testcase classname="document" name=" ›› /patterns/help-users-to/change-language/examples/english"/>
    <testcase classname="document" name=" ›› /patterns/help-users-to/change-language/examples/english"/>
    <testcase classname="document" name=" ›› /patterns/help-users-to/cookies-settings/examples/cookie-settings-page"/>
    <testcase classname="document" name=" ›› /patterns/help-users-to/cookies-settings/examples/cookie-settings-page"/>
    <testcase classname="document" name=" ›› /patterns/help-users-to/cookies-settings/examples/cookie-settings-page"/>
    <testcase classname="document" name=" ›› /patterns/help-users-to/correct-errors/examples/error-details"/>
    <testcase classname="document" name=" ›› /patterns/help-users-to/correct-errors/examples/error-details"/>
    <testcase classname="document" name=" ›› /patterns/help-users-to/correct-errors/examples/error-details"/>
    <testcase classname="document" name=" ›› /patterns/help-users-to/correct-errors/examples/error-summary"/>
    <testcase classname="document" name=" ›› /patterns/help-users-to/correct-errors/examples/error-summary"/>
    <testcase classname="document" name=" ›› /patterns/help-users-to/correct-errors/examples/error-summary"/>
    <testcase classname="document" name=" ›› /patterns/help-users-to/correct-errors/examples/errors-proto/errors"/>
    <testcase classname="document" name=" ›› /patterns/help-users-to/correct-errors/examples/errors-proto/errors"/>
    <testcase classname="document" name=" ›› /patterns/help-users-to/correct-errors/examples/errors-proto/errors"/>
    <testcase classname="document" name=" ›› /patterns/help-users-to/correct-errors/examples/errors-proto"/>
    <testcase classname="document" name=" ›› /patterns/help-users-to/correct-errors/examples/errors-proto"/>
    <testcase classname="document" name=" ›› /patterns/help-users-to/correct-errors/examples/errors-proto"/>
    <testcase classname="document" name=" ›› /patterns/help-users-to/download-resources/examples/download-resources"/>
    <testcase classname="document" name=" ›› /patterns/help-users-to/download-resources/examples/download-resources"/>
    <testcase classname="document" name=" ›› /patterns/help-users-to/download-resources/examples/download-resources"/>
    <testcase classname="document" name=" ›› /patterns/help-users-to/extend-session/examples/timeout"/>
    <testcase classname="document" name=" ›› /patterns/help-users-to/extend-session/examples/timeout"/>
    <testcase classname="document" name=" ›› /patterns/help-users-to/extend-session/examples/timeout"/>
    <testcase classname="document" name=" ›› /patterns/help-users-to/save-and-sign-out/examples/save-and-sign-out-button"/>
    <testcase classname="document" name=" ›› /patterns/help-users-to/save-and-sign-out/examples/save-and-sign-out-button"/>
    <testcase classname="document" name=" ›› /patterns/help-users-to/save-and-sign-out/examples/save-and-sign-out-button"/>
    <testcase classname="document" name=" ›› /patterns/help-users-to/save-and-sign-out/examples/signed-out"/>
    <testcase classname="document" name=" ›› /patterns/help-users-to/save-and-sign-out/examples/signed-out"/>
    <testcase classname="document" name=" ›› /patterns/help-users-to/save-and-sign-out/examples/signed-out"/>
    <testcase classname="document" name=" ›› /patterns/help-users-to/send-a-web-form/examples/errors"/>
    <testcase classname="document" name=" ›› /patterns/help-users-to/send-a-web-form/examples/errors"/>
    <testcase classname="document" name=" ›› /patterns/help-users-to/send-a-web-form/examples/errors"/>
    <testcase classname="document" name=" ›› /patterns/help-users-to/send-a-web-form/examples/form"/>
    <testcase classname="document" name=" ›› /patterns/help-users-to/send-a-web-form/examples/form"/>
    <testcase classname="document" name=" ›› /patterns/help-users-to/send-a-web-form/examples/form"/>
    <testcase classname="document" name=" ›› /patterns/help-users-to/send-a-web-form/examples/success"/>
    <testcase classname="document" name=" ›› /patterns/help-users-to/send-a-web-form/examples/success"/>
    <testcase classname="document" name=" ›› /patterns/help-users-to/send-a-web-form/examples/success"/>
    <testcase classname="document" name=" ›› /patterns/help-users-to/send-and-reply-to-messages/examples/conversation"/>
    <testcase classname="document" name=" ›› /patterns/help-users-to/send-and-reply-to-messages/examples/conversation"/>
    <testcase classname="document" name=" ›› /patterns/help-users-to/send-and-reply-to-messages/examples/conversation"/>
    <testcase classname="document" name=" ›› /patterns/help-users-to/send-and-reply-to-messages/examples/message-list"/>
    <testcase classname="document" name=" ›› /patterns/help-users-to/send-and-reply-to-messages/examples/message-list"/>
    <testcase classname="document" name=" ›› /patterns/help-users-to/send-and-reply-to-messages/examples/message-list"/>
    <testcase classname="document" name=" ›› /patterns/pages/error-status-pages/examples/access-denied-error"/>
    <testcase classname="document" name=" ›› /patterns/pages/error-status-pages/examples/access-denied-error"/>
    <testcase classname="document" name=" ›› /patterns/pages/error-status-pages/examples/access-denied-error"/>
    <testcase classname="document" name=" ›› /patterns/pages/error-status-pages/examples/browser-incompatible-error"/>
    <testcase classname="document" name=" ›› /patterns/pages/error-status-pages/examples/browser-incompatible-error"/>
    <testcase classname="document" name=" ›› /patterns/pages/error-status-pages/examples/browser-incompatible-error"/>
    <testcase classname="document" name=" ›› /patterns/pages/error-status-pages/examples/maintenance-notice"/>
    <testcase classname="document" name=" ›› /patterns/pages/error-status-pages/examples/maintenance-notice"/>
    <testcase classname="document" name=" ›› /patterns/pages/error-status-pages/examples/maintenance-notice"/>
    <testcase classname="document" name=" ›› /patterns/pages/error-status-pages/examples/page-not-found-error-with-code"/>
    <testcase classname="document" name=" ›› /patterns/pages/error-status-pages/examples/page-not-found-error-with-code"/>
    <testcase classname="document" name=" ›› /patterns/pages/error-status-pages/examples/page-not-found-error-with-code"/>
    <testcase classname="document" name=" ›› /patterns/pages/error-status-pages/examples/page-not-found-error"/>
    <testcase classname="document" name=" ›› /patterns/pages/error-status-pages/examples/page-not-found-error"/>
    <testcase classname="document" name=" ›› /patterns/pages/error-status-pages/examples/page-not-found-error"/>
    <testcase classname="document" name=" ›› /patterns/pages/error-status-pages/examples/server-error"/>
    <testcase classname="document" name=" ›› /patterns/pages/error-status-pages/examples/server-error"/>
    <testcase classname="document" name=" ›› /patterns/pages/error-status-pages/examples/server-error"/>
    <testcase classname="document" name=" ›› /patterns/pages/error-status-pages/examples/timed-out-error-not-signed-in"/>
    <testcase classname="document" name=" ›› /patterns/pages/error-status-pages/examples/timed-out-error-not-signed-in"/>
    <testcase classname="document" name=" ›› /patterns/pages/error-status-pages/examples/timed-out-error-not-signed-in"/>
    <testcase classname="document" name=" ›› /patterns/pages/error-status-pages/examples/timed-out-error"/>
    <testcase classname="document" name=" ›› /patterns/pages/error-status-pages/examples/timed-out-error"/>
    <testcase classname="document" name=" ›› /patterns/pages/error-status-pages/examples/timed-out-error"/>
    <testcase classname="document" name=" ›› /patterns/pages/guide/examples/guide-overview"/>
    <testcase classname="document" name=" ›› /patterns/pages/guide/examples/guide-overview"/>
    <testcase classname="document" name=" ›› /patterns/pages/guide/examples/guide-overview"/>
    <testcase classname="document" name=" ›› /patterns/pages/guide/examples/guide"/>
    <testcase classname="document" name=" ›› /patterns/pages/guide/examples/guide"/>
    <testcase classname="document" name=" ›› /patterns/pages/guide/examples/guide"/>
    <testcase classname="document" name=" ›› /patterns/pages/guide/examples/rtl"/>
    <testcase classname="document" name=" ›› /patterns/pages/guide/examples/rtl"/>
    <testcase classname="document" name=" ›› /patterns/pages/guide/examples/rtl"/>
    <testcase classname="document" name=" ›› /patterns/pages/hub-and-spoke/examples/hub-complete"/>
    <testcase classname="document" name=" ›› /patterns/pages/hub-and-spoke/examples/hub-complete"/>
    <testcase classname="document" name=" ›› /patterns/pages/hub-and-spoke/examples/hub-complete"/>
    <testcase classname="document" name=" ›› /patterns/pages/hub-and-spoke/examples/hub"/>
    <testcase classname="document" name=" ›› /patterns/pages/hub-and-spoke/examples/hub"/>
    <testcase classname="document" name=" ›› /patterns/pages/hub-and-spoke/examples/hub"/>
    <testcase classname="document" name=" ›› /patterns/pages/hub-and-spoke/examples/spoke-continue"/>
    <testcase classname="document" name=" ›› /patterns/pages/hub-and-spoke/examples/spoke-continue"/>
    <testcase classname="document" name=" ›› /patterns/pages/hub-and-spoke/examples/spoke-continue"/>
    <testcase classname="document" name=" ›› /patterns/pages/hub-and-spoke/examples/spoke-start"/>
    <testcase classname="document" name=" ›› /patterns/pages/hub-and-spoke/examples/spoke-start"/>
    <testcase classname="document" name=" ›› /patterns/pages/hub-and-spoke/examples/spoke-start"/>
    <testcase classname="document" name=" ›› /patterns/pages/hub-and-spoke/examples/spoke-summary"/>
    <testcase classname="document" name=" ›› /patterns/pages/hub-and-spoke/examples/spoke-summary"/>
    <testcase classname="document" name=" ›› /patterns/pages/hub-and-spoke/examples/spoke-summary"/>
    <testcase classname="document" name=" ›› /patterns/pages/news/examples/article"/>
    <testcase classname="document" name=" ›› /patterns/pages/news/examples/article"/>
    <testcase classname="document" name=" ›› /patterns/pages/news/examples/article"/>
    <testcase classname="document" name=" ›› /patterns/pages/news/examples/category"/>
    <testcase classname="document" name=" ›› /patterns/pages/news/examples/category"/>
    <testcase classname="document" name=" ›› /patterns/pages/news/examples/category"/>
    <testcase classname="document" name=" ›› /patterns/pages/news/examples/landing"/>
    <testcase classname="document" name=" ›› /patterns/pages/news/examples/landing"/>
    <testcase classname="document" name=" ›› /patterns/pages/news/examples/landing"/>
    <testcase classname="document" name=" ›› /patterns/pages/news/examples/tag"/>
    <testcase classname="document" name=" ›› /patterns/pages/news/examples/tag"/>
    <testcase classname="document" name=" ›› /patterns/pages/news/examples/tag"/>
    <testcase classname="document" name=" ›› /patterns/pages/question/examples/question-anatomy"/>
    <testcase classname="document" name=" ›› /patterns/pages/question/examples/question-anatomy"/>
    <testcase classname="document" name=" ›› /patterns/pages/question/examples/question-anatomy"/>
    <testcase classname="document" name=" ›› /foundations/layout/grid/examples/grid-12"/>
    <testcase classname="document" name=" ›› /foundations/layout/grid/examples/grid-12"/>
    <testcase classname="document" name=" ›› /foundations/layout/grid/examples/grid-12"/>
    <testcase classname="document" name=" ›› /foundations/layout/grid/examples/grid-7-4"/>
    <testcase classname="document" name=" ›› /foundations/layout/grid/examples/grid-7-4"/>
    <testcase classname="document" name=" ›› /foundations/layout/grid/examples/grid-7-4"/>
    <testcase classname="document" name=" ›› /foundations/layout/grid/examples/grid-8"/>
    <testcase classname="document" name=" ›› /foundations/layout/grid/examples/grid-8"/>
    <testcase classname="document" name=" ›› /foundations/layout/grid/examples/grid-8"/>
    <testcase classname="document" name=" ›› /foundations/layout/grid/examples/grid-combo"/>
    <testcase classname="document" name=" ›› /foundations/layout/grid/examples/grid-combo"/>
    <testcase classname="document" name=" ›› /foundations/layout/grid/examples/grid-combo"/>
    <testcase classname="document" name=" ›› /foundations/layout/page-template/examples/base-page-template-block-areas"/>
    <testcase classname="document" name=" ›› /foundations/layout/page-template/examples/base-page-template-block-areas"/>
    <testcase classname="document" name=" ›› /foundations/layout/page-template/examples/base-page-template-block-areas"/>
    <testcase classname="document" name=" ›› /foundations/layout/page-template/examples/basic"/>
    <testcase classname="document" name=" ›› /foundations/layout/page-template/examples/basic"/>
    <testcase classname="document" name=" ›› /foundations/layout/page-template/examples/basic"/>
    <testcase classname="document" name=" ›› /foundations/layout/page-template/examples/custom"/>
    <testcase classname="document" name=" ›› /foundations/layout/page-template/examples/custom"/>
    <testcase classname="document" name=" ›› /foundations/layout/page-template/examples/custom"/>
    <testcase classname="document" name=" ›› /foundations/style/icons/examples/icons-size"/>
    <testcase classname="document" name=" ›› /foundations/style/icons/examples/icons-size"/>
    <testcase classname="document" name=" ›› /foundations/style/icons/examples/icons-size"/>
    <testcase classname="document" name=" ›› /foundations/style/typography/address-output/examples/address-output"/>
    <testcase classname="document" name=" ›› /foundations/style/typography/address-output/examples/address-output"/>
    <testcase classname="document" name=" ›› /foundations/style/typography/address-output/examples/address-output"/>
    <testcase classname="document" name=" ›› /foundations/style/typography/headings/examples/breakpoint-headings"/>
    <testcase classname="document" name=" ›› /foundations/style/typography/headings/examples/breakpoint-headings"/>
    <testcase classname="document" name=" ›› /foundations/style/typography/headings/examples/breakpoint-headings"/>
    <testcase classname="document" name=" ›› /foundations/style/typography/headings/examples/default-heading-sizes"/>
    <testcase classname="document" name=" ›› /foundations/style/typography/headings/examples/default-heading-sizes"/>
    <testcase classname="document" name=" ›› /foundations/style/typography/headings/examples/default-heading-sizes"/>
    <testcase classname="document" name=" ›› /foundations/style/typography/highlighting/examples/highlighting"/>
    <testcase classname="document" name=" ›› /foundations/style/typography/highlighting/examples/highlighting"/>
    <testcase classname="document" name=" ›› /foundations/style/typography/highlighting/examples/highlighting"/>
    <testcase classname="document" name=" ›› /foundations/style/typography/links/examples/link"/>
    <testcase classname="document" name=" ›› /foundations/style/typography/links/examples/link"/>
    <testcase classname="document" name=" ›› /foundations/style/typography/links/examples/link"/>
    <testcase classname="document" name=" ›› /foundations/style/typography/lists/examples/bare-list"/>
    <testcase classname="document" name=" ›› /foundations/style/typography/lists/examples/bare-list"/>
    <testcase classname="document" name=" ›› /foundations/style/typography/lists/examples/bare-list"/>
    <testcase classname="document" name=" ›› /foundations/style/typography/lists/examples/bulleted-list"/>
    <testcase classname="document" name=" ›› /foundations/style/typography/lists/examples/bulleted-list"/>
    <testcase classname="document" name=" ›› /foundations/style/typography/lists/examples/bulleted-list"/>
    <testcase classname="document" name=" ›› /foundations/style/typography/lists/examples/dashed-list"/>
    <testcase classname="document" name=" ›› /foundations/style/typography/lists/examples/dashed-list"/>
    <testcase classname="document" name=" ›› /foundations/style/typography/lists/examples/dashed-list"/>
    <testcase classname="document" name=" ›› /foundations/style/typography/lists/examples/inline-list-with-social-icon-prefix"/>
    <testcase classname="document" name=" ›› /foundations/style/typography/lists/examples/inline-list-with-social-icon-prefix"/>
    <testcase classname="document" name=" ›› /foundations/style/typography/lists/examples/inline-list-with-social-icon-prefix"/>
    <testcase classname="document" name=" ›› /foundations/style/typography/lists/examples/inline-list"/>
    <testcase classname="document" name=" ›› /foundations/style/typography/lists/examples/inline-list"/>
    <testcase classname="document" name=" ›› /foundations/style/typography/lists/examples/inline-list"/>
    <testcase classname="document" name=" ›› /foundations/style/typography/lists/examples/list-with-icon-prefix"/>
    <testcase classname="document" name=" ›› /foundations/style/typography/lists/examples/list-with-icon-prefix"/>
    <testcase classname="document" name=" ›› /foundations/style/typography/lists/examples/list-with-icon-prefix"/>
    <testcase classname="document" name=" ›› /foundations/style/typography/lists/examples/list-with-icon-suffix"/>
    <testcase classname="document" name=" ›› /foundations/style/typography/lists/examples/list-with-icon-suffix"/>
    <testcase classname="document" name=" ›› /foundations/style/typography/lists/examples/list-with-icon-suffix"/>
    <testcase classname="document" name=" ›› /foundations/style/typography/lists/examples/numbered-list"/>
    <testcase classname="document" name=" ›› /foundations/style/typography/lists/examples/numbered-list"/>
    <testcase classname="document" name=" ›› /foundations/style/typography/lists/examples/numbered-list"/>
    <testcase classname="document" name=" ›› /foundations/style/typography/lists/examples/prefixed-list"/>
    <testcase classname="document" name=" ›› /foundations/style/typography/lists/examples/prefixed-list"/>
    <testcase classname="document" name=" ›› /foundations/style/typography/lists/examples/prefixed-list"/>
    <testcase classname="document" name=" ›› /foundations/style/typography/lists/examples/suffixed-list"/>
    <testcase classname="document" name=" ›› /foundations/style/typography/lists/examples/suffixed-list"/>
    <testcase classname="document" name=" ›› /foundations/style/typography/lists/examples/suffixed-list"/>
    <testcase classname="document" name=" ›› /foundations/style/typography/paragraphs/examples/paragraphs"/>
    <testcase classname="document" name=" ›› /foundations/style/typography/paragraphs/examples/paragraphs"/>
    <testcase classname="document" name=" ›› /foundations/style/typography/paragraphs/examples/paragraphs"/>
    <testcase classname="document" name=" ›› /foundations/style/typography/quote/examples/quote"/>
    <testcase classname="document" name=" ›› /foundations/style/typography/quote/examples/quote"/>
    <testcase classname="document" name=" ›› /foundations/style/typography/quote/examples/quote"/>
    <testcase classname="document" name=" ›› /foundations/style/typography/text-indent/examples/text-indent"/>
    <testcase classname="document" name=" ›› /foundations/style/typography/text-indent/examples/text-indent"/>
    <testcase classname="document" name=" ›› /foundations/style/typography/text-indent/examples/text-indent"/>
    <testcase classname="document" name=" ›› /foundations/style/typography/type-scale/examples/type-scale"/>
    <testcase classname="document" name=" ›› /foundations/style/typography/type-scale/examples/type-scale"/>
    <testcase classname="document" name=" ›› /foundations/style/typography/type-scale/examples/type-scale"/>
  </testsuite>
</testsuites>